03:03:44 - Json file not found in C:\Users\morga\AppData\Roaming\.minecraft\versions\1.12\1.12.json
03:03:44 - Please run launcher & Minecraft at least once.
03:04:12 - Json file not found in C:\Users\morga\AppData\Roaming\.minecraft\versions\1.12\1.12.json
03:04:12 - Please run launcher & Minecraft at least once.
03:06:10 - Json file not found in C:\Users\morga\AppData\Roaming\.minecraft\versions\1.12\1.12.json
03:06:10 - Please run launcher & Minecraft at least once.
03:06:26 - Json file not found in C:\Users\morga\AppData\Roaming\.minecraft\versions\1.12\1.12.json
03:06:26 - Please run launcher & Minecraft at least once.
03:07:34 - "scalac" is not found on the PATH.  Scala files will not be recompiled
03:11:20 - 'runtime\bin\applydiff.exe -p1 -u -i ..\..\temp\temp.patch -d src\minecraft' failed : 1
03:11:20 - 
03:11:20 - == ERRORS FOUND ==
03:11:20 - 
03:11:20 - 1 out of 1 hunk FAILED -- saving rejects to file 'net\minecraft\advancements\PlayerAdvance#'
03:11:20 - ==================
03:11:20 - 
03:11:20 - 'runtime\bin\applydiff.exe -p1 -u -i ..\..\temp\temp.patch -d src\minecraft' failed : 1
03:11:20 - 
03:11:20 - == ERRORS FOUND ==
03:11:20 - 
03:11:20 - 1 out of 2 hunks FAILED -- saving rejects to file 'net\minecraft\client\renderer\entity\RenderManager#'
03:11:20 - ==================
03:11:20 - 
03:11:20 - 'runtime\bin\applydiff.exe -p1 -u -i ..\..\temp\temp.patch -d src\minecraft' failed : 1
03:11:20 - 
03:11:20 - == ERRORS FOUND ==
03:11:20 - 
03:11:20 - 1 out of 2 hunks FAILED -- saving rejects to file 'net\minecraft\util\math\Cartesian.jav#'
03:11:20 - ==================
03:11:20 - 
03:11:21 - 'runtime\bin\applydiff.exe -p1 -u -i ..\..\temp\temp.patch -d src\minecraft' failed : 1
03:11:21 - 
03:11:21 - == ERRORS FOUND ==
03:11:21 - 
03:11:21 - 1 out of 1 hunk FAILED -- saving rejects to file 'net\minecraft\client\util\SearchTree.ja#'
03:11:21 - ==================
03:11:21 - 
03:11:22 - 'runtime\bin\applydiff.exe -p1 -u -i ..\..\temp\temp.patch -d src\minecraft' failed : 1
03:11:22 - 
03:11:22 - == ERRORS FOUND ==
03:11:22 - 
03:11:22 - 1 out of 1 hunk FAILED -- saving rejects to file 'net\minecraft\client\renderer\block\statemap\StateMap.java#'
03:11:22 - ==================
03:11:22 - 
03:11:22 - 'runtime\bin\applydiff.exe -p1 -u -i ..\..\temp\temp.patch -d src\minecraft' failed : 1
03:11:22 - 
03:11:22 - == ERRORS FOUND ==
03:11:22 - 
03:11:22 - 1 out of 1 hunk FAILED -- saving rejects to file 'net\minecraft\client\gui\GuiSnooper.ja#'
03:11:22 - ==================
03:11:22 - 
03:11:23 - 'runtime\bin\applydiff.exe -p1 -u -i ..\..\temp\temp.patch -d src\minecraft' failed : 1
03:11:23 - 
03:11:23 - == ERRORS FOUND ==
03:11:23 - 
03:11:23 - 2 out of 2 hunks ignored -- saving rejects to file 'net\minecraft\block\state\pattern\BlockStateMat#'
03:11:23 - ==================
03:11:23 - 
03:13:14 - !! Missing server jar file. Aborting !!
03:13:37 - '"javac" -Xlint:-options -deprecation -g -source 1.8 -target 1.8 -classpath "jars\versions\1.12\1.12.jar;lib;lib\*;jars\libraries\com\google\code\findbugs\jsr305\3.0.1\jsr305-3.0.1.jar;jars\libraries\net\java\jinput\jinput\2.0.5\jinput-2.0.5.jar;jars\libraries\com\ibm\icu\icu4j-core-mojang\51.2\icu4j-core-mojang-51.2.jar;jars\libraries\org\apache\httpcomponents\httpcore\4.3.2\httpcore-4.3.2.jar;jars\libraries\org\apache\logging\log4j\log4j-api\2.8.1\log4j-api-2.8.1.jar;jars\libraries\org\apache\commons\commons-lang3\3.5\commons-lang3-3.5.jar;jars\libraries\net\java\dev\jna\jna\4.4.0\jna-4.4.0.jar;jars\libraries\org\lwjgl\lwjgl\lwjgl-platform\2.9.4-nightly-20150209\lwjgl-platform-2.9.4-nightly-20150209-natives-windows.jar;jars\libraries\com\paulscode\libraryjavasound\20101123\libraryjavasound-20101123.jar;jars\libraries\net\sf\jopt-simple\jopt-simple\5.0.3\jopt-simple-5.0.3.jar;jars\libraries\com\mojang\text2speech\1.10.3\text2speech-1.10.3.jar;jars\libraries\com\google\guava\guava\21.0\guava-21.0.jar;jars\libraries\oshi-project\oshi-core\1.1\oshi-core-1.1.jar;jars\libraries\org\apache\httpcomponents\httpclient\4.3.3\httpclient-4.3.3.jar;jars\libraries\org\apache\commons\commons-compress\1.8.1\commons-compress-1.8.1.jar;jars\libraries\com\mojang\text2speech\1.10.3\text2speech-1.10.3-natives-windows.jar;jars\libraries\it\unimi\dsi\fastutil\7.1.0\fastutil-7.1.0.jar;jars\libraries\net\java\dev\jna\platform\3.4.0\platform-3.4.0.jar;jars\libraries\com\paulscode\codecjorbis\20101023\codecjorbis-20101023.jar;jars\libraries\com\paulscode\soundsystem\20120107\soundsystem-20120107.jar;jars\libraries\com\paulscode\librarylwjglopenal\20100824\librarylwjglopenal-20100824.jar;jars\libraries\org\lwjgl\lwjgl\lwjgl_util\2.9.4-nightly-20150209\lwjgl_util-2.9.4-nightly-20150209.jar;jars\libraries\commons-codec\commons-codec\1.10\commons-codec-1.10.jar;jars\libraries\net\java\jutils\jutils\1.0.0\jutils-1.0.0.jar;jars\libraries\com\mojang\patchy\1.3.9\patchy-1.3.9.jar;jars\libraries\commons-logging\commons-logging\1.1.3\commons-logging-1.1.3.jar;jars\libraries\org\lwjgl\lwjgl\lwjgl\2.9.4-nightly-20150209\lwjgl-2.9.4-nightly-20150209.jar;jars\libraries\commons-io\commons-io\2.5\commons-io-2.5.jar;jars\libraries\com\mojang\realms\1.10.17\realms-1.10.17.jar;jars\libraries\com\mojang\authlib\1.5.25\authlib-1.5.25.jar;jars\libraries\com\google\code\gson\gson\2.8.0\gson-2.8.0.jar;jars\libraries\net\java\jinput\jinput-platform\2.0.5\jinput-platform-2.0.5-natives-windows.jar;jars\libraries\com\paulscode\codecwav\20101023\codecwav-20101023.jar;jars\libraries\org\apache\logging\log4j\log4j-core\2.8.1\log4j-core-2.8.1.jar;jars\libraries\io\netty\netty-all\4.1.9.Final\netty-all-4.1.9.Final.jar" -sourcepath src\minecraft -d bin\minecraft @temp\java_src_client.txt' failed : 1
03:13:37 - 
03:13:37 - == ERRORS FOUND in JAVA CODE ==
03:13:37 - 
03:13:37 - src\minecraft\net\minecraft\network\NetworkSystem.java:16: warning: [deprecation] LocalEventLoopGroup in io.netty.channel.local has been deprecated
03:13:37 - import io.netty.channel.local.LocalEventLoopGroup;
03:13:37 -                              ^
03:13:37 - 
03:13:37 - src\minecraft\net\minecraft\network\NetworkManager.java:19: warning: [deprecation] LocalEventLoopGroup in io.netty.channel.local has been deprecated
03:13:37 - import io.netty.channel.local.LocalEventLoopGroup;
03:13:37 -                              ^
03:13:37 - 
03:13:37 - src\minecraft\net\minecraft\world\chunk\storage\AnvilSaveConverter.java:18: warning: [deprecation] I18n in net.minecraft.util.text.translation has been deprecated
03:13:37 - import net.minecraft.util.text.translation.I18n;
03:13:37 -                                           ^
03:13:37 - 
03:13:37 - src\minecraft\net\minecraft\network\NetworkSystem.java:16: warning: [deprecation] LocalEventLoopGroup in io.netty.channel.local has been deprecated
03:13:37 - import io.netty.channel.local.LocalEventLoopGroup;
03:13:37 -                              ^
03:13:37 - 
03:13:37 - src\minecraft\net\minecraft\network\NetworkManager.java:19: warning: [deprecation] LocalEventLoopGroup in io.netty.channel.local has been deprecated
03:13:37 - import io.netty.channel.local.LocalEventLoopGroup;
03:13:37 -                              ^
03:13:37 - 
03:13:37 - src\minecraft\net\minecraft\world\chunk\storage\AnvilSaveConverter.java:18: warning: [deprecation] I18n in net.minecraft.util.text.translation has been deprecated
03:13:37 - import net.minecraft.util.text.translation.I18n;
03:13:37 -                                           ^
03:13:37 - 
03:13:37 - src\minecraft\net\minecraft\network\NetworkSystem.java:16: warning: [deprecation] LocalEventLoopGroup in io.netty.channel.local has been deprecated
03:13:37 - import io.netty.channel.local.LocalEventLoopGroup;
03:13:37 -                              ^
03:13:37 - 
03:13:37 - src\minecraft\net\minecraft\network\NetworkManager.java:19: warning: [deprecation] LocalEventLoopGroup in io.netty.channel.local has been deprecated
03:13:37 - import io.netty.channel.local.LocalEventLoopGroup;
03:13:37 -                              ^
03:13:37 - 
03:13:37 - src\minecraft\net\minecraft\world\chunk\storage\AnvilSaveConverter.java:18: warning: [deprecation] I18n in net.minecraft.util.text.translation has been deprecated
03:13:37 - import net.minecraft.util.text.translation.I18n;
03:13:37 -                                           ^
03:13:37 - 
03:13:37 - src\minecraft\net\minecraft\network\PacketBuffer.java:493: warning: [deprecation] order(ByteOrder) in ByteBuf has been deprecated
03:13:37 -     public ByteBuf order(ByteOrder p_order_1_)
03:13:37 -                    ^
03:13:37 - 
03:13:37 - src\minecraft\net\minecraft\network\PacketBuffer.java:488: warning: [deprecation] order() in ByteBuf has been deprecated
03:13:37 -     public ByteOrder order()
03:13:37 -                      ^
03:13:37 - 
03:13:37 - src\minecraft\net\minecraft\network\PacketBuffer.java:490: warning: [deprecation] order() in ByteBuf has been deprecated
03:13:37 -         return this.buf.order();
03:13:37 -                        ^
03:13:37 - 
03:13:37 - src\minecraft\net\minecraft\network\PacketBuffer.java:495: warning: [deprecation] order(ByteOrder) in ByteBuf has been deprecated
03:13:37 -         return this.buf.order(p_order_1_);
03:13:37 -                        ^
03:13:37 - 
03:13:37 - src\minecraft\net\minecraft\item\ItemStack.java:689: warning: [deprecation] I18n in net.minecraft.util.text.translation has been deprecated
03:13:37 -                 return I18n.translateToLocal(nbttagcompound.getString("LocName"));
03:13:37 -                        ^
03:13:37 - 
03:13:37 - src\minecraft\net\minecraft\item\ItemStack.java:689: warning: [deprecation] translateToLocal(String) in I18n has been deprecated
03:13:37 -                 return I18n.translateToLocal(nbttagcompound.getString("LocName"));
03:13:37 -                            ^
03:13:37 - 
03:13:37 - src\minecraft\net\minecraft\item\ItemStack.java:819: warning: [deprecation] I18n in net.minecraft.util.text.translation has been deprecated
03:13:37 -                         list.add(I18n.translateToLocalFormatted("item.color", String.format("#%06X", nbttagcompound1.getInteger("color"))));
03:13:37 -                                  ^
03:13:37 - 
03:13:37 - src\minecraft\net\minecraft\item\ItemStack.java:819: warning: [deprecation] translateToLocalFormatted(String,Object...) in I18n has been deprecated
03:13:37 -                         list.add(I18n.translateToLocalFormatted("item.color", String.format("#%06X", nbttagcompound1.getInteger("color"))));
03:13:37 -                                      ^
03:13:37 - 
03:13:37 - src\minecraft\net\minecraft\item\ItemStack.java:823: warning: [deprecation] I18n in net.minecraft.util.text.translation has been deprecated
03:13:37 -                         list.add(TextFormatting.ITALIC + I18n.translateToLocal("item.dyed"));
03:13:37 -                                                          ^
03:13:37 - 
03:13:37 - src\minecraft\net\minecraft\item\ItemStack.java:823: warning: [deprecation] translateToLocal(String) in I18n has been deprecated
03:13:37 -                         list.add(TextFormatting.ITALIC + I18n.translateToLocal("item.dyed"));
03:13:37 -                                                              ^
03:13:37 - 
03:13:37 - src\minecraft\net\minecraft\item\ItemStack.java:849: warning: [deprecation] I18n in net.minecraft.util.text.translation has been deprecated
03:13:37 -                 list.add(I18n.translateToLocal("item.modifiers." + entityequipmentslot.getName()));
03:13:37 -                          ^
03:13:37 - 
03:13:37 - src\minecraft\net\minecraft\item\ItemStack.java:849: warning: [deprecation] translateToLocal(String) in I18n has been deprecated
03:13:37 -                 list.add(I18n.translateToLocal("item.modifiers." + entityequipmentslot.getName()));
03:13:37 -                              ^
03:13:37 - 
03:13:37 - src\minecraft\net\minecraft\item\ItemStack.java:885: warning: [deprecation] I18n in net.minecraft.util.text.translation has been deprecated
03:13:37 -                         list.add(" " + I18n.translateToLocalFormatted("attribute.modifier.equals." + attributemodifier.getOperation(), DECIMALFORMAT.format(d1), I18n.translateToLocal("attribute.name." + (String)entry.getKey())));
03:13:37 -                                        ^
03:13:37 - 
03:13:37 - src\minecraft\net\minecraft\item\ItemStack.java:885: warning: [deprecation] I18n in net.minecraft.util.text.translation has been deprecated
03:13:37 -                         list.add(" " + I18n.translateToLocalFormatted("attribute.modifier.equals." + attributemodifier.getOperation(), DECIMALFORMAT.format(d1), I18n.translateToLocal("attribute.name." + (String)entry.getKey())));
03:13:37 -                                                                                                                                                                  ^
03:13:37 - 
03:13:37 - src\minecraft\net\minecraft\item\ItemStack.java:885: warning: [deprecation] translateToLocal(String) in I18n has been deprecated
03:13:37 -                         list.add(" " + I18n.translateToLocalFormatted("attribute.modifier.equals." + attributemodifier.getOperation(), DECIMALFORMAT.format(d1), I18n.translateToLocal("attribute.name." + (String)entry.getKey())));
03:13:37 -                                                                                                                                                                      ^
03:13:37 - 
03:13:37 - src\minecraft\net\minecraft\item\ItemStack.java:885: warning: [deprecation] translateToLocalFormatted(String,Object...) in I18n has been deprecated
03:13:37 -                         list.add(" " + I18n.translateToLocalFormatted("attribute.modifier.equals." + attributemodifier.getOperation(), DECIMALFORMAT.format(d1), I18n.translateToLocal("attribute.name." + (String)entry.getKey())));
03:13:37 -                                            ^
03:13:37 - 
03:13:37 - src\minecraft\net\minecraft\item\ItemStack.java:889: warning: [deprecation] I18n in net.minecraft.util.text.translation has been deprecated
03:13:37 -                         list.add(TextFormatting.BLUE + " " + I18n.translateToLocalFormatted("attribute.modifier.plus." + attributemodifier.getOperation(), DECIMALFORMAT.format(d1), I18n.translateToLocal("attribute.name." + (String)entry.getKey())));
03:13:37 -                                                              ^
03:13:37 - 
03:13:37 - src\minecraft\net\minecraft\item\ItemStack.java:889: warning: [deprecation] I18n in net.minecraft.util.text.translation has been deprecated
03:13:37 -                         list.add(TextFormatting.BLUE + " " + I18n.translateToLocalFormatted("attribute.modifier.plus." + attributemodifier.getOperation(), DECIMALFORMAT.format(d1), I18n.translateToLocal("attribute.name." + (String)entry.getKey())));
03:13:37 -                                                                                                                                                                                      ^
03:13:37 - 
03:13:37 - src\minecraft\net\minecraft\item\ItemStack.java:889: warning: [deprecation] translateToLocal(String) in I18n has been deprecated
03:13:37 -                         list.add(TextFormatting.BLUE + " " + I18n.translateToLocalFormatted("attribute.modifier.plus." + attributemodifier.getOperation(), DECIMALFORMAT.format(d1), I18n.translateToLocal("attribute.name." + (String)entry.getKey())));
03:13:37 -                                                                                                                                                                                          ^
03:13:37 - 
03:13:37 - src\minecraft\net\minecraft\item\ItemStack.java:889: warning: [deprecation] translateToLocalFormatted(String,Object...) in I18n has been deprecated
03:13:37 -                         list.add(TextFormatting.BLUE + " " + I18n.translateToLocalFormatted("attribute.modifier.plus." + attributemodifier.getOperation(), DECIMALFORMAT.format(d1), I18n.translateToLocal("attribute.name." + (String)entry.getKey())));
03:13:37 -                                                                  ^
03:13:37 - 
03:13:37 - src\minecraft\net\minecraft\item\ItemStack.java:894: warning: [deprecation] I18n in net.minecraft.util.text.translation has been deprecated
03:13:37 -                         list.add(TextFormatting.RED + " " + I18n.translateToLocalFormatted("attribute.modifier.take." + attributemodifier.getOperation(), DECIMALFORMAT.format(d1), I18n.translateToLocal("attribute.name." + (String)entry.getKey())));
03:13:37 -                                                             ^
03:13:37 - 
03:13:37 - src\minecraft\net\minecraft\item\ItemStack.java:894: warning: [deprecation] I18n in net.minecraft.util.text.translation has been deprecated
03:13:37 -                         list.add(TextFormatting.RED + " " + I18n.translateToLocalFormatted("attribute.modifier.take." + attributemodifier.getOperation(), DECIMALFORMAT.format(d1), I18n.translateToLocal("attribute.name." + (String)entry.getKey())));
03:13:37 -                                                                                                                                                                                     ^
03:13:37 - 
03:13:37 - src\minecraft\net\minecraft\item\ItemStack.java:894: warning: [deprecation] translateToLocal(String) in I18n has been deprecated
03:13:37 -                         list.add(TextFormatting.RED + " " + I18n.translateToLocalFormatted("attribute.modifier.take." + attributemodifier.getOperation(), DECIMALFORMAT.format(d1), I18n.translateToLocal("attribute.name." + (String)entry.getKey())));
03:13:37 -                                                                                                                                                                                         ^
03:13:37 - 
03:13:37 - src\minecraft\net\minecraft\item\ItemStack.java:894: warning: [deprecation] translateToLocalFormatted(String,Object...) in I18n has been deprecated
03:13:37 -                         list.add(TextFormatting.RED + " " + I18n.translateToLocalFormatted("attribute.modifier.take." + attributemodifier.getOperation(), DECIMALFORMAT.format(d1), I18n.translateToLocal("attribute.name." + (String)entry.getKey())));
03:13:37 -                                                                 ^
03:13:37 - 
03:13:37 - src\minecraft\net\minecraft\item\ItemStack.java:902: warning: [deprecation] I18n in net.minecraft.util.text.translation has been deprecated
03:13:37 -             list.add(TextFormatting.BLUE + I18n.translateToLocal("item.unbreakable"));
03:13:37 -                                            ^
03:13:37 - 
03:13:37 - src\minecraft\net\minecraft\item\ItemStack.java:902: warning: [deprecation] translateToLocal(String) in I18n has been deprecated
03:13:37 -             list.add(TextFormatting.BLUE + I18n.translateToLocal("item.unbreakable"));
03:13:37 -                                                ^
03:13:37 - 
03:13:37 - src\minecraft\net\minecraft\item\ItemStack.java:912: warning: [deprecation] I18n in net.minecraft.util.text.translation has been deprecated
03:13:37 -                 list.add(TextFormatting.GRAY + I18n.translateToLocal("item.canBreak"));
03:13:37 -                                                ^
03:13:37 - 
03:13:37 - src\minecraft\net\minecraft\item\ItemStack.java:912: warning: [deprecation] translateToLocal(String) in I18n has been deprecated
03:13:37 -                 list.add(TextFormatting.GRAY + I18n.translateToLocal("item.canBreak"));
03:13:37 -                                                    ^
03:13:37 - 
03:13:37 - src\minecraft\net\minecraft\item\ItemStack.java:937: warning: [deprecation] I18n in net.minecraft.util.text.translation has been deprecated
03:13:37 -                 list.add(TextFormatting.GRAY + I18n.translateToLocal("item.canPlace"));
03:13:37 -                                                ^
03:13:37 - 
03:13:37 - src\minecraft\net\minecraft\item\ItemStack.java:937: warning: [deprecation] translateToLocal(String) in I18n has been deprecated
03:13:37 -                 list.add(TextFormatting.GRAY + I18n.translateToLocal("item.canPlace"));
03:13:37 -                                                    ^
03:13:37 - 
03:13:37 - src\minecraft\net\minecraft\item\ItemStack.java:959: warning: [deprecation] I18n in net.minecraft.util.text.translation has been deprecated
03:13:37 -                 list.add(I18n.translateToLocalFormatted("item.durability", this.getMaxDamage() - this.getItemDamage(), this.getMaxDamage()));
03:13:37 -                          ^
03:13:37 - 
03:13:37 - src\minecraft\net\minecraft\item\ItemStack.java:959: warning: [deprecation] translateToLocalFormatted(String,Object...) in I18n has been deprecated
03:13:37 -                 list.add(I18n.translateToLocalFormatted("item.durability", this.getMaxDamage() - this.getItemDamage(), this.getMaxDamage()));
03:13:37 -                              ^
03:13:37 - 
03:13:37 - src\minecraft\net\minecraft\item\ItemStack.java:966: warning: [deprecation] I18n in net.minecraft.util.text.translation has been deprecated
03:13:37 -                 list.add(TextFormatting.DARK_GRAY + I18n.translateToLocalFormatted("item.nbt_tags", this.getTagCompound().getKeySet().size()));
03:13:37 -                                                     ^
03:13:37 - 
03:13:37 - src\minecraft\net\minecraft\item\ItemStack.java:966: warning: [deprecation] translateToLocalFormatted(String,Object...) in I18n has been deprecated
03:13:37 -                 list.add(TextFormatting.DARK_GRAY + I18n.translateToLocalFormatted("item.nbt_tags", this.getTagCompound().getKeySet().size()));
03:13:37 -                                                         ^
03:13:37 - 
03:13:37 - src\minecraft\net\minecraft\item\Item.java:355: warning: [deprecation] I18n in net.minecraft.util.text.translation has been deprecated
03:13:37 -         return I18n.translateToLocal(this.getUnlocalizedName(stack));
03:13:37 -                ^
03:13:37 - 
03:13:37 - src\minecraft\net\minecraft\item\Item.java:355: warning: [deprecation] translateToLocal(String) in I18n has been deprecated
03:13:37 -         return I18n.translateToLocal(this.getUnlocalizedName(stack));
03:13:37 -                    ^
03:13:37 - 
03:13:37 - src\minecraft\net\minecraft\item\Item.java:458: warning: [deprecation] I18n in net.minecraft.util.text.translation has been deprecated
03:13:37 -         return I18n.translateToLocal(this.getUnlocalizedNameInefficiently(stack) + ".name").trim();
03:13:37 -                ^
03:13:37 - 
03:13:37 - src\minecraft\net\minecraft\item\Item.java:458: warning: [deprecation] translateToLocal(String) in I18n has been deprecated
03:13:37 -         return I18n.translateToLocal(this.getUnlocalizedNameInefficiently(stack) + ".name").trim();
03:13:37 -                    ^
03:13:37 - 
03:13:37 - src\minecraft\net\minecraft\entity\Entity.java:2806: warning: [deprecation] I18n in net.minecraft.util.text.translation has been deprecated
03:13:37 -             return I18n.translateToLocal("entity." + s + ".name");
03:13:37 -                    ^
03:13:37 - 
03:13:37 - src\minecraft\net\minecraft\entity\Entity.java:2806: warning: [deprecation] translateToLocal(String) in I18n has been deprecated
03:13:37 -             return I18n.translateToLocal("entity." + s + ".name");
03:13:37 -                        ^
03:13:37 - 
03:13:37 - src\minecraft\net\minecraft\block\Block.java:964: warning: [deprecation] I18n in net.minecraft.util.text.translation has been deprecated
03:13:37 -         return I18n.translateToLocal(this.getUnlocalizedName() + ".name");
03:13:37 -                ^
03:13:37 - 
03:13:37 - src\minecraft\net\minecraft\block\Block.java:964: warning: [deprecation] translateToLocal(String) in I18n has been deprecated
03:13:37 -         return I18n.translateToLocal(this.getUnlocalizedName() + ".name");
03:13:37 -                    ^
03:13:37 - 
03:13:37 - src\minecraft\net\minecraft\enchantment\Enchantment.java:177: warning: [deprecation] I18n in net.minecraft.util.text.translation has been deprecated
03:13:37 -         String s = I18n.translateToLocal(this.getName());
03:13:37 -                    ^
03:13:37 - 
03:13:37 - src\minecraft\net\minecraft\enchantment\Enchantment.java:177: warning: [deprecation] translateToLocal(String) in I18n has been deprecated
03:13:37 -         String s = I18n.translateToLocal(this.getName());
03:13:37 -                        ^
03:13:37 - 
03:13:37 - src\minecraft\net\minecraft\enchantment\Enchantment.java:184: warning: [deprecation] I18n in net.minecraft.util.text.translation has been deprecated
03:13:37 -         return level == 1 && this.getMaxLevel() == 1 ? s : s + " " + I18n.translateToLocal("enchantment.level." + level);
03:13:37 -                                                                      ^
03:13:37 - 
03:13:37 - src\minecraft\net\minecraft\enchantment\Enchantment.java:184: warning: [deprecation] translateToLocal(String) in I18n has been deprecated
03:13:37 -         return level == 1 && this.getMaxLevel() == 1 ? s : s + " " + I18n.translateToLocal("enchantment.level." + level);
03:13:37 -                                                                          ^
03:13:37 - 
03:13:37 - src\minecraft\net\minecraft\util\DamageSource.java:238: warning: [deprecation] I18n in net.minecraft.util.text.translation has been deprecated
03:13:37 -         return entitylivingbase != null && I18n.canTranslate(s1) ? new TextComponentTranslation(s1, new Object[] {entityLivingBaseIn.getDisplayName(), entitylivingbase.getDisplayName()}) : new TextComponentTranslation(s, new Object[] {entityLivingBaseIn.getDisplayName()});
03:13:37 -                                            ^
03:13:37 - 
03:13:37 - src\minecraft\net\minecraft\util\DamageSource.java:238: warning: [deprecation] canTranslate(String) in I18n has been deprecated
03:13:37 -         return entitylivingbase != null && I18n.canTranslate(s1) ? new TextComponentTranslation(s1, new Object[] {entityLivingBaseIn.getDisplayName(), entitylivingbase.getDisplayName()}) : new TextComponentTranslation(s, new Object[] {entityLivingBaseIn.getDisplayName()});
03:13:37 -                                                ^
03:13:37 - 
03:13:37 - src\minecraft\net\minecraft\advancements\PlayerAdvancements.java:139: error: incompatible types: Object cannot be converted to Entry<ResourceLocation,AdvancementProgress>
03:13:37 -                 for (Entry<ResourceLocation, AdvancementProgress> entry : (List)stream.collect(Collectors.toList()))
03:13:37 -                                                                           ^
03:13:37 - 
03:13:37 - src\minecraft\net\minecraft\stats\StatisticsManagerServer.java:46: warning: [deprecation] readFileToString(File) in FileUtils has been deprecated
03:13:37 -                 this.statsData.putAll(this.parseJson(FileUtils.readFileToString(this.statsFile)));
03:13:37 -                                                               ^
03:13:37 - 
03:13:37 - src\minecraft\net\minecraft\stats\StatisticsManagerServer.java:63: warning: [deprecation] writeStringToFile(File,String) in FileUtils has been deprecated
03:13:37 -             FileUtils.writeStringToFile(this.statsFile, dumpJson(this.statsData));
03:13:37 -                      ^
03:13:37 - 
03:13:37 - src\minecraft\net\minecraft\tileentity\TileEntity.java:111: warning: [deprecation] newInstance() in Class has been deprecated
03:13:37 -                 tileentity = (TileEntity)oclass.newInstance();
03:13:37 -                                                ^
03:13:37 - 
03:13:37 -   where T is a type-variable:
03:13:37 -     T extends Object declared in class Class
03:13:37 - src\minecraft\net\minecraft\potion\PotionEffect.java:268: warning: [deprecation] compare(Boolean,Boolean) in ComparisonChain has been deprecated
03:13:37 -         return (this.getDuration() <= 32147 || p_compareTo_1_.getDuration() <= 32147) && (!this.getIsAmbient() || !p_compareTo_1_.getIsAmbient()) ? ComparisonChain.start().compare(Boolean.valueOf(this.getIsAmbient()), Boolean.valueOf(p_compareTo_1_.getIsAmbient())).compare(this.getDuration(), p_compareTo_1_.getDuration()).compare(this.getPotion().getLiquidColor(), p_compareTo_1_.getPotion().getLiquidColor()).result() : ComparisonChain.start().compare(Boolean.valueOf(this.getIsAmbient()), Boolean.valueOf(p_compareTo_1_.getIsAmbient())).compare(this.getPotion().getLiquidColor(), p_compareTo_1_.getPotion().getLiquidColor()).result();
03:13:37 -                                                                                                                                                                            ^
03:13:37 - 
03:13:37 - src\minecraft\net\minecraft\potion\PotionEffect.java:268: warning: [deprecation] compare(Boolean,Boolean) in ComparisonChain has been deprecated
03:13:37 -         return (this.getDuration() <= 32147 || p_compareTo_1_.getDuration() <= 32147) && (!this.getIsAmbient() || !p_compareTo_1_.getIsAmbient()) ? ComparisonChain.start().compare(Boolean.valueOf(this.getIsAmbient()), Boolean.valueOf(p_compareTo_1_.getIsAmbient())).compare(this.getDuration(), p_compareTo_1_.getDuration()).compare(this.getPotion().getLiquidColor(), p_compareTo_1_.getPotion().getLiquidColor()).result() : ComparisonChain.start().compare(Boolean.valueOf(this.getIsAmbient()), Boolean.valueOf(p_compareTo_1_.getIsAmbient())).compare(this.getPotion().getLiquidColor(), p_compareTo_1_.getPotion().getLiquidColor()).result();
03:13:37 -                                                                                                                                                                                                                                                                                                                                                                                                                                                               ^
03:13:37 - 
03:13:37 - src\minecraft\net\minecraft\world\chunk\Chunk.java:354: warning: [deprecation] getChunksLowestHorizon(int,int) in World has been deprecated
03:13:37 -                             j1 = Math.min(j1, this.worldObj.getChunksLowestHorizon(l + enumfacing.getFrontOffsetX(), i1 + enumfacing.getFrontOffsetZ()));
03:13:37 -                                                            ^
03:13:37 - 
03:13:37 - src\minecraft\net\minecraft\block\BlockBush.java:57: warning: [deprecation] neighborChanged(IBlockState,World,BlockPos,Block,BlockPos) in Block has been deprecated
03:13:37 -     public void neighborChanged(IBlockState state, World worldIn, BlockPos pos, Block blockIn, BlockPos p_189540_5_)
03:13:37 -                 ^
03:13:37 - 
03:13:37 - src\minecraft\net\minecraft\block\BlockBush.java:59: warning: [deprecation] neighborChanged(IBlockState,World,BlockPos,Block,BlockPos) in Block has been deprecated
03:13:37 -         super.neighborChanged(state, worldIn, pos, blockIn, p_189540_5_);
03:13:37 -              ^
03:13:37 - 
03:13:37 - src\minecraft\net\minecraft\block\BlockBush.java:82: warning: [deprecation] getBoundingBox(IBlockState,IBlockAccess,BlockPos) in Block has been deprecated
03:13:38 -     public AxisAlignedBB getBoundingBox(IBlockState state, IBlockAccess source, BlockPos pos)
03:13:38 -                          ^
03:13:38 - 
03:13:38 - src\minecraft\net\minecraft\block\BlockBush.java:88: warning: [deprecation] getCollisionBoundingBox(IBlockState,IBlockAccess,BlockPos) in Block has been deprecated
03:13:38 -     public AxisAlignedBB getCollisionBoundingBox(IBlockState blockState, IBlockAccess worldIn, BlockPos pos)
03:13:38 -                          ^
03:13:38 - 
03:13:38 - src\minecraft\net\minecraft\block\BlockBush.java:96: warning: [deprecation] isOpaqueCube(IBlockState) in Block has been deprecated
03:13:38 -     public boolean isOpaqueCube(IBlockState state)
03:13:38 -                    ^
03:13:38 - 
03:13:38 - src\minecraft\net\minecraft\block\BlockBush.java:101: warning: [deprecation] isFullCube(IBlockState) in Block has been deprecated
03:13:38 -     public boolean isFullCube(IBlockState state)
03:13:38 -                    ^
03:13:38 - 
03:13:38 - src\minecraft\net\minecraft\block\BlockBush.java:111: warning: [deprecation] func_193383_a(IBlockAccess,IBlockState,BlockPos,EnumFacing) in Block has been deprecated
03:13:38 -     public BlockFaceShape func_193383_a(IBlockAccess p_193383_1_, IBlockState p_193383_2_, BlockPos p_193383_3_, EnumFacing p_193383_4_)
03:13:38 -                           ^
03:13:38 - 
03:13:38 - src\minecraft\net\minecraft\block\BlockFlower.java:58: warning: [deprecation] getStateFromMeta(int) in Block has been deprecated
03:13:38 -     public IBlockState getStateFromMeta(int meta)
03:13:38 -                        ^
03:13:38 - 
03:13:38 - src\minecraft\net\minecraft\block\state\BlockStateContainer.java:275: warning: [deprecation] getMaterial(IBlockState) in Block has been deprecated
03:13:38 -             return this.block.getMaterial(this);
03:13:38 -                              ^
03:13:38 - 
03:13:38 - src\minecraft\net\minecraft\block\state\BlockStateContainer.java:280: warning: [deprecation] isFullBlock(IBlockState) in Block has been deprecated
03:13:38 -             return this.block.isFullBlock(this);
03:13:38 -                              ^
03:13:38 - 
03:13:38 - src\minecraft\net\minecraft\block\state\BlockStateContainer.java:285: warning: [deprecation] canEntitySpawn(IBlockState,Entity) in Block has been deprecated
03:13:38 -             return this.block.canEntitySpawn(this, entityIn);
03:13:38 -                              ^
03:13:38 - 
03:13:38 - src\minecraft\net\minecraft\block\state\BlockStateContainer.java:290: warning: [deprecation] getLightOpacity(IBlockState) in Block has been deprecated
03:13:38 -             return this.block.getLightOpacity(this);
03:13:38 -                              ^
03:13:38 - 
03:13:38 - src\minecraft\net\minecraft\block\state\BlockStateContainer.java:295: warning: [deprecation] getLightValue(IBlockState) in Block has been deprecated
03:13:38 -             return this.block.getLightValue(this);
03:13:38 -                              ^
03:13:38 - 
03:13:38 - src\minecraft\net\minecraft\block\state\BlockStateContainer.java:300: warning: [deprecation] isTranslucent(IBlockState) in Block has been deprecated
03:13:38 -             return this.block.isTranslucent(this);
03:13:38 -                              ^
03:13:38 - 
03:13:38 - src\minecraft\net\minecraft\block\state\BlockStateContainer.java:305: warning: [deprecation] getUseNeighborBrightness(IBlockState) in Block has been deprecated
03:13:38 -             return this.block.getUseNeighborBrightness(this);
03:13:38 -                              ^
03:13:38 - 
03:13:38 - src\minecraft\net\minecraft\block\state\BlockStateContainer.java:310: warning: [deprecation] getMapColor(IBlockState,IBlockAccess,BlockPos) in Block has been deprecated
03:13:38 -             return this.block.getMapColor(this, p_185909_1_, p_185909_2_);
03:13:38 -                              ^
03:13:38 - 
03:13:38 - src\minecraft\net\minecraft\block\state\BlockStateContainer.java:315: warning: [deprecation] withRotation(IBlockState,Rotation) in Block has been deprecated
03:13:38 -             return this.block.withRotation(this, rot);
03:13:38 -                              ^
03:13:38 - 
03:13:38 - src\minecraft\net\minecraft\block\state\BlockStateContainer.java:320: warning: [deprecation] withMirror(IBlockState,Mirror) in Block has been deprecated
03:13:38 -             return this.block.withMirror(this, mirrorIn);
03:13:38 -                              ^
03:13:38 - 
03:13:38 - src\minecraft\net\minecraft\block\state\BlockStateContainer.java:325: warning: [deprecation] isFullCube(IBlockState) in Block has been deprecated
03:13:38 -             return this.block.isFullCube(this);
03:13:38 -                              ^
03:13:38 - 
03:13:38 - src\minecraft\net\minecraft\block\state\BlockStateContainer.java:330: warning: [deprecation] func_190946_v(IBlockState) in Block has been deprecated
03:13:38 -             return this.block.func_190946_v(this);
03:13:38 -                              ^
03:13:38 - 
03:13:38 - src\minecraft\net\minecraft\block\state\BlockStateContainer.java:335: warning: [deprecation] getRenderType(IBlockState) in Block has been deprecated
03:13:38 -             return this.block.getRenderType(this);
03:13:38 -                              ^
03:13:38 - 
03:13:38 - src\minecraft\net\minecraft\block\state\BlockStateContainer.java:340: warning: [deprecation] getPackedLightmapCoords(IBlockState,IBlockAccess,BlockPos) in Block has been deprecated
03:13:38 -             return this.block.getPackedLightmapCoords(this, source, pos);
03:13:38 -                              ^
03:13:38 - 
03:13:38 - src\minecraft\net\minecraft\block\state\BlockStateContainer.java:345: warning: [deprecation] getAmbientOcclusionLightValue(IBlockState) in Block has been deprecated
03:13:38 -             return this.block.getAmbientOcclusionLightValue(this);
03:13:38 -                              ^
03:13:38 - 
03:13:38 - src\minecraft\net\minecraft\block\state\BlockStateContainer.java:350: warning: [deprecation] isBlockNormalCube(IBlockState) in Block has been deprecated
03:13:38 -             return this.block.isBlockNormalCube(this);
03:13:38 -                              ^
03:13:38 - 
03:13:38 - src\minecraft\net\minecraft\block\state\BlockStateContainer.java:355: warning: [deprecation] isNormalCube(IBlockState) in Block has been deprecated
03:13:38 -             return this.block.isNormalCube(this);
03:13:38 -                              ^
03:13:38 - 
03:13:38 - src\minecraft\net\minecraft\block\state\BlockStateContainer.java:360: warning: [deprecation] canProvidePower(IBlockState) in Block has been deprecated
03:13:38 -             return this.block.canProvidePower(this);
03:13:38 -                              ^
03:13:38 - 
03:13:38 - src\minecraft\net\minecraft\block\state\BlockStateContainer.java:365: warning: [deprecation] getWeakPower(IBlockState,IBlockAccess,BlockPos,EnumFacing) in Block has been deprecated
03:13:38 -             return this.block.getWeakPower(this, blockAccess, pos, side);
03:13:38 -                              ^
03:13:38 - 
03:13:38 - src\minecraft\net\minecraft\block\state\BlockStateContainer.java:370: warning: [deprecation] hasComparatorInputOverride(IBlockState) in Block has been deprecated
03:13:38 -             return this.block.hasComparatorInputOverride(this);
03:13:38 -                              ^
03:13:38 - 
03:13:38 - src\minecraft\net\minecraft\block\state\BlockStateContainer.java:375: warning: [deprecation] getComparatorInputOverride(IBlockState,World,BlockPos) in Block has been deprecated
03:13:38 -             return this.block.getComparatorInputOverride(this, worldIn, pos);
03:13:38 -                              ^
03:13:38 - 
03:13:38 - src\minecraft\net\minecraft\block\state\BlockStateContainer.java:380: warning: [deprecation] getBlockHardness(IBlockState,World,BlockPos) in Block has been deprecated
03:13:38 -             return this.block.getBlockHardness(this, worldIn, pos);
03:13:38 -                              ^
03:13:38 - 
03:13:38 - src\minecraft\net\minecraft\block\state\BlockStateContainer.java:385: warning: [deprecation] getPlayerRelativeBlockHardness(IBlockState,EntityPlayer,World,BlockPos) in Block has been deprecated
03:13:38 -             return this.block.getPlayerRelativeBlockHardness(this, player, worldIn, pos);
03:13:38 -                              ^
03:13:38 - 
03:13:38 - src\minecraft\net\minecraft\block\state\BlockStateContainer.java:390: warning: [deprecation] getStrongPower(IBlockState,IBlockAccess,BlockPos,EnumFacing) in Block has been deprecated
03:13:38 -             return this.block.getStrongPower(this, blockAccess, pos, side);
03:13:38 -                              ^
03:13:38 - 
03:13:38 - src\minecraft\net\minecraft\block\state\BlockStateContainer.java:395: warning: [deprecation] getMobilityFlag(IBlockState) in Block has been deprecated
03:13:38 -             return this.block.getMobilityFlag(this);
03:13:38 -                              ^
03:13:38 - 
03:13:38 - src\minecraft\net\minecraft\block\state\BlockStateContainer.java:400: warning: [deprecation] getActualState(IBlockState,IBlockAccess,BlockPos) in Block has been deprecated
03:13:38 -             return this.block.getActualState(this, blockAccess, pos);
03:13:38 -                              ^
03:13:38 - 
03:13:38 - src\minecraft\net\minecraft\block\state\BlockStateContainer.java:405: warning: [deprecation] getSelectedBoundingBox(IBlockState,World,BlockPos) in Block has been deprecated
03:13:38 -             return this.block.getSelectedBoundingBox(this, worldIn, pos);
03:13:38 -                              ^
03:13:38 - 
03:13:38 - src\minecraft\net\minecraft\block\state\BlockStateContainer.java:410: warning: [deprecation] shouldSideBeRendered(IBlockState,IBlockAccess,BlockPos,EnumFacing) in Block has been deprecated
03:13:38 -             return this.block.shouldSideBeRendered(this, blockAccess, pos, facing);
03:13:38 -                              ^
03:13:38 - 
03:13:38 - src\minecraft\net\minecraft\block\state\BlockStateContainer.java:415: warning: [deprecation] isOpaqueCube(IBlockState) in Block has been deprecated
03:13:38 -             return this.block.isOpaqueCube(this);
03:13:38 -                              ^
03:13:38 - 
03:13:38 - src\minecraft\net\minecraft\block\state\pattern\BlockStateMatcher.java:64: error: incompatible types: inference variable T#1 has incompatible bounds
03:13:38 -         return predicate.apply(blockState.getValue(property));
03:13:38 -                         ^
03:13:38 - 
03:13:38 -     equality constraints: T#2
03:13:38 -     upper bounds: CAP#1,Comparable<T#1>
03:13:38 -   where T#1,T#2 are type-variables:
03:13:38 -     T#1 extends Comparable<T#1> declared in method <T#1>getValue(IProperty<T#1>)
03:13:38 -     T#2 extends Comparable<T#2> declared in method <T#2>matches(IBlockState,IProperty<T#2>,Predicate<?>)
03:13:38 -   where CAP#1 is a fresh type-variable:
03:13:38 -     CAP#1 extends Object from capture of ?
03:13:38 - src\minecraft\net\minecraft\client\renderer\entity\RenderManager.java:266: error: incompatible types: bad type in conditional expression
03:13:38 -             return renderplayer != null ? renderplayer : this.playerRenderer;
03:13:38 -                                           ^
03:13:38 - 
03:13:38 -     RenderPlayer cannot be converted to Render<T>
03:13:38 -   where T is a type-variable:
03:13:38 -     T extends Entity declared in method <T>getEntityRenderObject(Entity)
03:13:38 - src\minecraft\net\minecraft\client\renderer\entity\RenderManager.java:266: error: incompatible types: bad type in conditional expression
03:13:38 -             return renderplayer != null ? renderplayer : this.playerRenderer;
03:13:38 -                                                              ^
03:13:38 - 
03:13:38 -     RenderPlayer cannot be converted to Render<T>
03:13:38 -   where T is a type-variable:
03:13:38 -     T extends Entity declared in method <T>getEntityRenderObject(Entity)
03:13:38 - src\minecraft\net\minecraft\client\gui\GuiIngame.java:1304: error: incompatible types: Object cannot be converted to IChatListener
03:13:38 -         for (IChatListener ichatlistener : (List)this.field_191743_I.get(p_191742_1_))
03:13:38 -                                            ^
03:13:38 - 
03:13:38 - src\minecraft\net\minecraft\client\util\SearchTree.java:54: error: cannot find symbol
03:13:38 -             this.field_194045_b.func_194057_a(p_194039_1_, p_194039_2_.toString().toLowerCase(Locale.ROOT));
03:13:38 -                                               ^
03:13:38 - 
03:13:38 -   symbol:   variable p_194039_1_
03:13:38 -   location: class SearchTree<T>
03:13:38 -   where T is a type-variable:
03:13:38 -     T extends Object declared in class SearchTree
03:13:38 - src\minecraft\net\minecraft\client\util\SearchTree.java:58: error: cannot find symbol
03:13:38 -             this.field_194044_a.func_194057_a(p_194041_1_, p_194041_2_.toLowerCase(Locale.ROOT));
03:13:38 -                                               ^
03:13:38 - 
03:13:38 -   symbol:   variable p_194041_1_
03:13:38 -   location: class SearchTree<T>
03:13:38 -   where T is a type-variable:
03:13:38 -     T extends Object declared in class SearchTree
03:13:38 - src\minecraft\net\minecraft\client\util\SearchTree.java:58: error: cannot find symbol
03:13:38 -             this.field_194044_a.func_194057_a(p_194041_1_, p_194041_2_.toLowerCase(Locale.ROOT));
03:13:38 -                                                                       ^
03:13:38 - 
03:13:38 -   symbol:   method toLowerCase(Locale)
03:13:38 -   location: variable p_194041_2_ of type Object
03:13:38 - src\minecraft\net\minecraft\client\gui\GuiSnooper.java:51: error: incompatible types: Object cannot be converted to Entry<String,String>
03:13:38 -         for (Entry<String, String> entry : (new TreeMap(this.mc.getPlayerUsageSnooper().getCurrentStats())).entrySet())
03:13:38 -                                                                                                                     ^
03:13:38 - 
03:13:38 - src\minecraft\net\minecraft\client\gui\GuiSnooper.java:59: error: incompatible types: Object cannot be converted to Entry<String,String>
03:13:38 -             for (Entry<String, String> entry1 : (new TreeMap(this.mc.getIntegratedServer().getPlayerUsageSnooper().getCurrentStats())).entrySet())
03:13:38 -                                                                                                                                                ^
03:13:38 - 
03:13:38 - src\minecraft\net\minecraft\client\gui\recipebook\GuiButtonRecipeTab.java:33: error: incompatible types: Object cannot be converted to RecipeList
03:13:38 -         for (RecipeList recipelist : (List)RecipeBookClient.field_194086_e.get(this.field_193921_u))
03:13:38 -                                      ^
03:13:38 - 
03:13:38 - src\minecraft\net\minecraft\client\renderer\block\model\ModelBakery.java:492: error: incompatible types: Object cannot be converted to ModelResourceLocation
03:13:38 -             for (ModelResourceLocation modelresourcelocation1 : (Collection)entry.getValue())
03:13:38 -                                                                 ^
03:13:38 - 
03:13:38 - src\minecraft\net\minecraft\client\renderer\block\statemap\StateMap.java:57: error: incompatible types: Comparable cannot be converted to T
03:13:38 -         return p_187490_1_.getName((Comparable)p_187490_2_.remove(this.name));
03:13:38 -                                    ^
03:13:38 - 
03:13:38 -   where T is a type-variable:
03:13:38 -     T extends Comparable<T> declared in method <T>removeName(IProperty<T>,Map<IProperty<?>,Comparable<?>>)
03:13:38 - src\minecraft\net\minecraft\client\resources\FolderResourcePack.java:83: error: reference to listFiles is ambiguous
03:13:38 -             for (File file2 : file1.listFiles(DirectoryFileFilter.DIRECTORY))
03:13:38 -                                    ^
03:13:38 - 
03:13:38 -   both method listFiles(FilenameFilter) in File and method listFiles(FileFilter) in File match
03:13:38 - src\minecraft\net\minecraft\util\math\Cartesian.java:57: error: incompatible types: inference variable T#1 has incompatible bounds
03:13:38 -             return Arrays.asList(p_apply_1_);
03:13:38 -                                 ^
03:13:38 - 
03:13:38 -     equality constraints: T#2
03:13:38 -     lower bounds: Object
03:13:38 -   where T#1,T#2 are type-variables:
03:13:38 -     T#1 extends Object declared in method <T#1>asList(T#1...)
03:13:38 -     T#2 extends Object declared in class GetList
03:13:38 - 15 errors
03:13:38 - 100 warnings
03:13:38 - ==================
03:13:38 - 
03:13:38 - Initial client recompile failed, correct source then run updatemd5
