11:55:40 - !! Missing client jar file. Aborting !!
11:55:40 - !! Missing server jar file. Aborting !!
11:56:11 - !! Missing client jar file. Aborting !!
11:56:11 - !! Missing server jar file. Aborting !!
12:11:29 - '"javac" -Xlint:-options -deprecation -g -source 1.6 -target 1.6 -classpath "lib;lib\*;jars\bin\minec...' failed : 2
12:11:29 - 
12:11:29 - == ERRORS FOUND ==
12:11:29 - 
12:11:29 - error: Source option 6 is no longer supported. Use 8 or later.
12:11:29 - error: Target option 6 is no longer supported. Use 8 or later.
12:11:29 - ==================
12:11:29 - 
12:11:29 - Initial client recompile failed, correct source then run updatemd5
12:11:31 - '"javac" -Xlint:-options -deprecation -g -source 1.6 -target 1.6 -classpath "lib;lib\*;jars\minecraft...' failed : 2
12:11:31 - 
12:11:31 - == ERRORS FOUND ==
12:11:31 - 
12:11:31 - error: Source option 6 is no longer supported. Use 8 or later.
12:11:31 - error: Target option 6 is no longer supported. Use 8 or later.
12:11:31 - ==================
12:11:31 - 
12:11:31 - Initial server recompile failed, correct source then run updatemd5
