-=#=- 
Archive:  bin/minecraft.jar
  inflating: minecraft/META-INF/MANIFEST.MF  
  inflating: minecraft/META-INF/MOJANG_C.SF  
  inflating: minecraft/META-INF/MOJANG_C.DSA  
 extracting: minecraft/2char.png     
  inflating: minecraft/a.class       
  inflating: minecraft/aa.class      
  inflating: minecraft/ab.class      
  inflating: minecraft/ac.class      
  inflating: minecraft/ad.class      
  inflating: minecraft/ae.class      
  inflating: minecraft/af.class      
  inflating: minecraft/ag.class      
  inflating: minecraft/ah.class      
  inflating: minecraft/ai.class      
  inflating: minecraft/aj.class      
  inflating: minecraft/ak.class      
  inflating: minecraft/al.class      
  inflating: minecraft/am.class      
  inflating: minecraft/an.class      
  inflating: minecraft/ao.class      
  inflating: minecraft/ap.class      
  inflating: minecraft/aq.class      
  inflating: minecraft/ar.class      
  inflating: minecraft/as.class      
  inflating: minecraft/at.class      
  inflating: minecraft/au.class      
  inflating: minecraft/av.class      
  inflating: minecraft/aw.class      
  inflating: minecraft/ax.class      
  inflating: minecraft/ay.class      
  inflating: minecraft/az.class      
  inflating: minecraft/b.class       
  inflating: minecraft/ba.class      
  inflating: minecraft/bb.class      
  inflating: minecraft/bc.class      
  inflating: minecraft/bd.class      
  inflating: minecraft/be.class      
  inflating: minecraft/bf.class      
  inflating: minecraft/bg.class      
  inflating: minecraft/bh.class      
  inflating: minecraft/bi.class      
  inflating: minecraft/bj.class      
  inflating: minecraft/bk.class      
  inflating: minecraft/bl.class      
  inflating: minecraft/bm.class      
  inflating: minecraft/bn.class      
  inflating: minecraft/bo.class      
  inflating: minecraft/bp.class      
  inflating: minecraft/bq.class      
  inflating: minecraft/br.class      
  inflating: minecraft/bs.class      
  inflating: minecraft/bt.class      
  inflating: minecraft/bu.class      
  inflating: minecraft/bv.class      
  inflating: minecraft/bw.class      
  inflating: minecraft/bx.class      
  inflating: minecraft/by.class      
  inflating: minecraft/bz.class      
  inflating: minecraft/c.class       
  inflating: minecraft/ca.class      
  inflating: minecraft/cb.class      
  inflating: minecraft/cc.class      
  inflating: minecraft/cd.class      
  inflating: minecraft/ce.class      
  inflating: minecraft/cf.class      
  inflating: minecraft/cg.class      
  inflating: minecraft/ch.class      
 extracting: minecraft/char.png      
  inflating: minecraft/ci.class      
  inflating: minecraft/cj.class      
  inflating: minecraft/ck.class      
  inflating: minecraft/cl.class      
 extracting: minecraft/clouds.png    
  inflating: minecraft/cm.class      
  inflating: minecraft/cn.class      
 extracting: minecraft/co.class      
  inflating: minecraft/cp.class      
  inflating: minecraft/cq.class      
  inflating: minecraft/cr.class      
  inflating: minecraft/cs.class      
  inflating: minecraft/ct.class      
  inflating: minecraft/cu.class      
  inflating: minecraft/cv.class      
  inflating: minecraft/cw.class      
  inflating: minecraft/cx.class      
  inflating: minecraft/cy.class      
  inflating: minecraft/cz.class      
  inflating: minecraft/d.class       
  inflating: minecraft/da.class      
  inflating: minecraft/db.class      
  inflating: minecraft/dc.class      
  inflating: minecraft/dd.class      
  inflating: minecraft/de.class      
  inflating: minecraft/default.gif   
 extracting: minecraft/default.png   
  inflating: minecraft/df.class      
  inflating: minecraft/dg.class      
  inflating: minecraft/dh.class      
  inflating: minecraft/di.class      
  inflating: minecraft/dirt.png      
  inflating: minecraft/dj.class      
  inflating: minecraft/dk.class      
  inflating: minecraft/dl.class      
  inflating: minecraft/dm.class      
  inflating: minecraft/dn.class      
  inflating: minecraft/do.class      
  inflating: minecraft/dp.class      
  inflating: minecraft/dq.class      
  inflating: minecraft/dr.class      
  inflating: minecraft/ds.class      
  inflating: minecraft/dt.class      
  inflating: minecraft/du.class      
  inflating: minecraft/dv.class      
  inflating: minecraft/dw.class      
  inflating: minecraft/dx.class      
  inflating: minecraft/dy.class      
  inflating: minecraft/dz.class      
  inflating: minecraft/e.class       
  inflating: minecraft/ea.class      
  inflating: minecraft/eb.class      
  inflating: minecraft/ec.class      
  inflating: minecraft/ed.class      
  inflating: minecraft/ee.class      
  inflating: minecraft/ef.class      
  inflating: minecraft/eg.class      
  inflating: minecraft/eh.class      
  inflating: minecraft/ei.class      
  inflating: minecraft/ej.class      
  inflating: minecraft/ek.class      
  inflating: minecraft/el.class      
  inflating: minecraft/em.class      
  inflating: minecraft/en.class      
  inflating: minecraft/eo.class      
  inflating: minecraft/ep.class      
  inflating: minecraft/eq.class      
  inflating: minecraft/er.class      
  inflating: minecraft/es.class      
  inflating: minecraft/et.class      
  inflating: minecraft/eu.class      
  inflating: minecraft/ev.class      
  inflating: minecraft/ew.class      
  inflating: minecraft/ex.class      
  inflating: minecraft/ey.class      
  inflating: minecraft/ez.class      
  inflating: minecraft/f.class       
  inflating: minecraft/fa.class      
  inflating: minecraft/fb.class      
  inflating: minecraft/fc.class      
  inflating: minecraft/fd.class      
  inflating: minecraft/fe.class      
  inflating: minecraft/ff.class      
  inflating: minecraft/fg.class      
  inflating: minecraft/fh.class      
  inflating: minecraft/fi.class      
  inflating: minecraft/fj.class      
  inflating: minecraft/fk.class      
  inflating: minecraft/fl.class      
 extracting: minecraft/fluff.png     
  inflating: minecraft/fm.class      
  inflating: minecraft/fn.class      
  inflating: minecraft/fo.class      
  inflating: minecraft/fp.class      
  inflating: minecraft/fq.class      
  inflating: minecraft/fr.class      
  inflating: minecraft/fs.class      
  inflating: minecraft/ft.class      
  inflating: minecraft/fu.class      
  inflating: minecraft/fv.class      
  inflating: minecraft/fw.class      
  inflating: minecraft/fx.class      
  inflating: minecraft/fy.class      
  inflating: minecraft/fz.class      
  inflating: minecraft/g.class       
  inflating: minecraft/ga.class      
  inflating: minecraft/gb.class      
  inflating: minecraft/gc.class      
  inflating: minecraft/gd.class      
  inflating: minecraft/ge.class      
  inflating: minecraft/gf.class      
  inflating: minecraft/gg.class      
  inflating: minecraft/gh.class      
  inflating: minecraft/gi.class      
  inflating: minecraft/gj.class      
  inflating: minecraft/gk.class      
  inflating: minecraft/gl.class      
  inflating: minecraft/gm.class      
  inflating: minecraft/gn.class      
  inflating: minecraft/go.class      
  inflating: minecraft/gp.class      
  inflating: minecraft/gq.class      
  inflating: minecraft/gr.class      
  inflating: minecraft/grass.png     
  inflating: minecraft/gs.class      
  inflating: minecraft/gt.class      
  inflating: minecraft/gu.class      
  inflating: minecraft/gv.class      
  inflating: minecraft/gw.class      
  inflating: minecraft/gx.class      
  inflating: minecraft/gy.class      
  inflating: minecraft/gz.class      
  inflating: minecraft/h.class       
  inflating: minecraft/ha.class      
  inflating: minecraft/hb.class      
  inflating: minecraft/hc.class      
  inflating: minecraft/hd.class      
  inflating: minecraft/he.class      
  inflating: minecraft/hf.class      
  inflating: minecraft/hg.class      
  inflating: minecraft/hh.class      
  inflating: minecraft/hi.class      
  inflating: minecraft/hj.class      
  inflating: minecraft/hk.class      
  inflating: minecraft/hl.class      
  inflating: minecraft/hm.class      
  inflating: minecraft/hn.class      
  inflating: minecraft/ho.class      
  inflating: minecraft/hp.class      
  inflating: minecraft/hq.class      
  inflating: minecraft/hr.class      
  inflating: minecraft/hs.class      
  inflating: minecraft/ht.class      
  inflating: minecraft/hu.class      
  inflating: minecraft/hv.class      
  inflating: minecraft/hw.class      
  inflating: minecraft/hx.class      
  inflating: minecraft/hy.class      
  inflating: minecraft/hz.class      
  inflating: minecraft/i.class       
  inflating: minecraft/ia.class      
  inflating: minecraft/ib.class      
  inflating: minecraft/ic.class      
  inflating: minecraft/id.class      
  inflating: minecraft/ie.class      
  inflating: minecraft/if.class      
  inflating: minecraft/ig.class      
  inflating: minecraft/ih.class      
  inflating: minecraft/ii.class      
  inflating: minecraft/ij.class      
  inflating: minecraft/ik.class      
  inflating: minecraft/il.class      
  inflating: minecraft/im.class      
  inflating: minecraft/in.class      
  inflating: minecraft/io.class      
  inflating: minecraft/ip.class      
  inflating: minecraft/iq.class      
  inflating: minecraft/ir.class      
  inflating: minecraft/is.class      
  inflating: minecraft/it.class      
  inflating: minecraft/iu.class      
  inflating: minecraft/iv.class      
  inflating: minecraft/iw.class      
  inflating: minecraft/ix.class      
  inflating: minecraft/iy.class      
  inflating: minecraft/iz.class      
  inflating: minecraft/j.class       
  inflating: minecraft/ja.class      
  inflating: minecraft/jb.class      
  inflating: minecraft/jc.class      
  inflating: minecraft/jd.class      
  inflating: minecraft/je.class      
  inflating: minecraft/jf.class      
  inflating: minecraft/jg.class      
  inflating: minecraft/jh.class      
  inflating: minecraft/ji.class      
  inflating: minecraft/jj.class      
  inflating: minecraft/jk.class      
  inflating: minecraft/jl.class      
  inflating: minecraft/jm.class      
  inflating: minecraft/jn.class      
  inflating: minecraft/jo.class      
  inflating: minecraft/jp.class      
  inflating: minecraft/jq.class      
  inflating: minecraft/jr.class      
  inflating: minecraft/js.class      
  inflating: minecraft/jt.class      
  inflating: minecraft/ju.class      
  inflating: minecraft/jv.class      
  inflating: minecraft/jw.class      
  inflating: minecraft/jx.class      
  inflating: minecraft/jy.class      
  inflating: minecraft/jz.class      
  inflating: minecraft/k.class       
  inflating: minecraft/ka.class      
  inflating: minecraft/kb.class      
  inflating: minecraft/kc.class      
  inflating: minecraft/kd.class      
  inflating: minecraft/ke.class      
  inflating: minecraft/kf.class      
  inflating: minecraft/kg.class      
  inflating: minecraft/kh.class      
  inflating: minecraft/ki.class      
  inflating: minecraft/kj.class      
  inflating: minecraft/kk.class      
  inflating: minecraft/kl.class      
  inflating: minecraft/km.class      
  inflating: minecraft/kn.class      
  inflating: minecraft/ko.class      
  inflating: minecraft/kp.class      
  inflating: minecraft/kq.class      
  inflating: minecraft/kr.class      
  inflating: minecraft/ks.class      
  inflating: minecraft/kt.class      
  inflating: minecraft/ku.class      
  inflating: minecraft/kv.class      
  inflating: minecraft/kw.class      
  inflating: minecraft/kx.class      
  inflating: minecraft/ky.class      
  inflating: minecraft/kz.class      
  inflating: minecraft/l.class       
  inflating: minecraft/la.class      
  inflating: minecraft/lb.class      
  inflating: minecraft/lc.class      
  inflating: minecraft/ld.class      
  inflating: minecraft/le.class      
  inflating: minecraft/lf.class      
  inflating: minecraft/lg.class      
  inflating: minecraft/lh.class      
  inflating: minecraft/li.class      
  inflating: minecraft/lj.class      
  inflating: minecraft/lk.class      
  inflating: minecraft/ll.class      
  inflating: minecraft/lm.class      
  inflating: minecraft/ln.class      
  inflating: minecraft/lo.class      
  inflating: minecraft/lp.class      
  inflating: minecraft/lq.class      
  inflating: minecraft/lr.class      
  inflating: minecraft/ls.class      
  inflating: minecraft/lt.class      
  inflating: minecraft/lu.class      
  inflating: minecraft/lv.class      
  inflating: minecraft/lw.class      
  inflating: minecraft/lx.class      
  inflating: minecraft/ly.class      
  inflating: minecraft/lz.class      
  inflating: minecraft/m.class       
  inflating: minecraft/ma.class      
  inflating: minecraft/mb.class      
  inflating: minecraft/mc.class      
  inflating: minecraft/md.class      
  inflating: minecraft/me.class      
  inflating: minecraft/mf.class      
  inflating: minecraft/mg.class      
  inflating: minecraft/mh.class      
  inflating: minecraft/mi.class      
  inflating: minecraft/mj.class      
  inflating: minecraft/mk.class      
  inflating: minecraft/ml.class      
  inflating: minecraft/mm.class      
  inflating: minecraft/mn.class      
  inflating: minecraft/mo.class      
  inflating: minecraft/mp.class      
  inflating: minecraft/mq.class      
  inflating: minecraft/mr.class      
  inflating: minecraft/ms.class      
  inflating: minecraft/mt.class      
  inflating: minecraft/mu.class      
  inflating: minecraft/mv.class      
  inflating: minecraft/mw.class      
  inflating: minecraft/mx.class      
  inflating: minecraft/my.class      
  inflating: minecraft/mz.class      
  inflating: minecraft/n.class       
  inflating: minecraft/na.class      
  inflating: minecraft/nb.class      
  inflating: minecraft/nc.class      
  inflating: minecraft/nd.class      
  inflating: minecraft/ne.class      
  inflating: minecraft/nf.class      
  inflating: minecraft/ng.class      
  inflating: minecraft/nh.class      
  inflating: minecraft/ni.class      
  inflating: minecraft/nj.class      
  inflating: minecraft/nk.class      
  inflating: minecraft/nl.class      
  inflating: minecraft/nm.class      
  inflating: minecraft/nn.class      
  inflating: minecraft/no.class      
  inflating: minecraft/np.class      
  inflating: minecraft/nq.class      
  inflating: minecraft/nr.class      
  inflating: minecraft/ns.class      
  inflating: minecraft/nt.class      
  inflating: minecraft/nu.class      
 extracting: minecraft/null          
  inflating: minecraft/nv.class      
  inflating: minecraft/nw.class      
  inflating: minecraft/nx.class      
  inflating: minecraft/ny.class      
  inflating: minecraft/nz.class      
  inflating: minecraft/o.class       
  inflating: minecraft/oa.class      
  inflating: minecraft/ob.class      
  inflating: minecraft/oc.class      
  inflating: minecraft/od.class      
  inflating: minecraft/oe.class      
  inflating: minecraft/of.class      
  inflating: minecraft/og.class      
  inflating: minecraft/oh.class      
  inflating: minecraft/oi.class      
  inflating: minecraft/oj.class      
  inflating: minecraft/ok.class      
  inflating: minecraft/ol.class      
  inflating: minecraft/p.class       
  inflating: minecraft/particles.png  
  inflating: minecraft/q.class       
  inflating: minecraft/r.class       
  inflating: minecraft/rain.png      
  inflating: minecraft/rock.png      
  inflating: minecraft/s.class       
 extracting: minecraft/shadow.png    
  inflating: minecraft/snow.png      
  inflating: minecraft/t.class       
  inflating: minecraft/terrain.png   
  inflating: minecraft/u.class       
  inflating: minecraft/v.class       
  inflating: minecraft/w.class       
 extracting: minecraft/water.png     
  inflating: minecraft/waterterrain.png  
  inflating: minecraft/x.class       
  inflating: minecraft/y.class       
  inflating: minecraft/z.class       
 extracting: minecraft/armor/chain_1.png  
 extracting: minecraft/armor/chain_2.png  
 extracting: minecraft/armor/cloth_1.png  
 extracting: minecraft/armor/cloth_2.png  
 extracting: minecraft/armor/diamond_1.png  
 extracting: minecraft/armor/diamond_2.png  
 extracting: minecraft/armor/gold_1.png  
 extracting: minecraft/armor/gold_2.png  
 extracting: minecraft/armor/iron_1.png  
 extracting: minecraft/armor/iron_2.png  
  inflating: minecraft/art/kz.png    
  inflating: minecraft/gui/container.png  
  inflating: minecraft/gui/crafting.png  
  inflating: minecraft/gui/furnace.png  
  inflating: minecraft/gui/gui.png   
  inflating: minecraft/gui/icons.png  
  inflating: minecraft/gui/inventory.png  
  inflating: minecraft/gui/items.png  
  inflating: minecraft/gui/logo.png  
 extracting: minecraft/item/arrows.png  
 extracting: minecraft/item/boat.png  
 extracting: minecraft/item/cart.png  
 extracting: minecraft/item/door.png  
 extracting: minecraft/item/sign.png  
 extracting: minecraft/misc/gear.png  
 extracting: minecraft/misc/gearmiddle.png  
  inflating: minecraft/misc/vignette.png  
 extracting: minecraft/mob/chicken.png  
 extracting: minecraft/mob/cow.png   
 extracting: minecraft/mob/creeper.png  
 extracting: minecraft/mob/pig.png   
 extracting: minecraft/mob/saddle.png  
 extracting: minecraft/mob/sheep.png  
 extracting: minecraft/mob/sheep_fur.png  
 extracting: minecraft/mob/skeleton.png  
 extracting: minecraft/mob/slime.png  
 extracting: minecraft/mob/spider.png  
 extracting: minecraft/mob/spider_eyes.png  
 extracting: minecraft/mob/zombie.png  
 extracting: minecraft/terrain/moon.png  
 extracting: minecraft/terrain/sun.png  
 extracting: minecraft/title/black.png  
  inflating: minecraft/title/mojang.png  
  inflating: minecraft/title/splashes.txt  
  inflating: minecraft/paulscode/sound/Channel.class  
  inflating: minecraft/paulscode/sound/CommandObject.class  
  inflating: minecraft/paulscode/sound/CommandThread.class  
  inflating: minecraft/paulscode/sound/FilenameURL.class  
  inflating: minecraft/paulscode/sound/ICodec.class  
  inflating: minecraft/paulscode/sound/Library.class  
  inflating: minecraft/paulscode/sound/ListenerData.class  
  inflating: minecraft/paulscode/sound/MidiChannel$1.class  
  inflating: minecraft/paulscode/sound/MidiChannel$FadeThread.class  
  inflating: minecraft/paulscode/sound/MidiChannel.class  
  inflating: minecraft/paulscode/sound/SimpleThread$1.class  
  inflating: minecraft/paulscode/sound/SimpleThread.class  
  inflating: minecraft/paulscode/sound/SoundBuffer.class  
  inflating: minecraft/paulscode/sound/SoundSystem.class  
  inflating: minecraft/paulscode/sound/SoundSystemConfig$Codec.class  
  inflating: minecraft/paulscode/sound/SoundSystemConfig.class  
  inflating: minecraft/paulscode/sound/SoundSystemException.class  
  inflating: minecraft/paulscode/sound/SoundSystemLogger.class  
  inflating: minecraft/paulscode/sound/Source.class  
  inflating: minecraft/paulscode/sound/StreamThread.class  
  inflating: minecraft/paulscode/sound/Vector3D.class  
  inflating: minecraft/com/jcraft/jogg/Buffer.class  
  inflating: minecraft/com/jcraft/jogg/Packet.class  
  inflating: minecraft/com/jcraft/jogg/Page.class  
  inflating: minecraft/com/jcraft/jogg/StreamState.class  
  inflating: minecraft/com/jcraft/jogg/SyncState.class  
  inflating: minecraft/com/jcraft/jorbis/Block.class  
  inflating: minecraft/com/jcraft/jorbis/CodeBook$DecodeAux.class  
  inflating: minecraft/com/jcraft/jorbis/CodeBook.class  
  inflating: minecraft/com/jcraft/jorbis/Comment.class  
  inflating: minecraft/com/jcraft/jorbis/Drft.class  
  inflating: minecraft/com/jcraft/jorbis/DspState.class  
  inflating: minecraft/com/jcraft/jorbis/Floor0$EchstateFloor0.class  
  inflating: minecraft/com/jcraft/jorbis/Floor0$InfoFloor0.class  
  inflating: minecraft/com/jcraft/jorbis/Floor0$LookFloor0.class  
  inflating: minecraft/com/jcraft/jorbis/Floor0.class  
  inflating: minecraft/com/jcraft/jorbis/Floor1$EchstateFloor1.class  
  inflating: minecraft/com/jcraft/jorbis/Floor1$InfoFloor1.class  
  inflating: minecraft/com/jcraft/jorbis/Floor1$LookFloor1.class  
  inflating: minecraft/com/jcraft/jorbis/Floor1$Lsfit_acc.class  
  inflating: minecraft/com/jcraft/jorbis/Floor1.class  
  inflating: minecraft/com/jcraft/jorbis/FuncFloor.class  
  inflating: minecraft/com/jcraft/jorbis/FuncMapping.class  
  inflating: minecraft/com/jcraft/jorbis/FuncResidue.class  
  inflating: minecraft/com/jcraft/jorbis/FuncTime.class  
  inflating: minecraft/com/jcraft/jorbis/Info.class  
  inflating: minecraft/com/jcraft/jorbis/InfoMode.class  
  inflating: minecraft/com/jcraft/jorbis/Lookup.class  
  inflating: minecraft/com/jcraft/jorbis/Lpc.class  
  inflating: minecraft/com/jcraft/jorbis/Lsp.class  
  inflating: minecraft/com/jcraft/jorbis/Mapping0$InfoMapping0.class  
  inflating: minecraft/com/jcraft/jorbis/Mapping0$LookMapping0.class  
  inflating: minecraft/com/jcraft/jorbis/Mapping0.class  
  inflating: minecraft/com/jcraft/jorbis/Mdct.class  
  inflating: minecraft/com/jcraft/jorbis/PsyInfo.class  
  inflating: minecraft/com/jcraft/jorbis/PsyLook.class  
  inflating: minecraft/com/jcraft/jorbis/Residue0$InfoResidue0.class  
  inflating: minecraft/com/jcraft/jorbis/Residue0$LookResidue0.class  
  inflating: minecraft/com/jcraft/jorbis/Residue0.class  
  inflating: minecraft/com/jcraft/jorbis/Residue1.class  
  inflating: minecraft/com/jcraft/jorbis/Residue2.class  
  inflating: minecraft/com/jcraft/jorbis/StaticCodeBook.class  
  inflating: minecraft/com/jcraft/jorbis/Time0.class  
  inflating: minecraft/com/jcraft/jorbis/Util.class  
  inflating: minecraft/net/minecraft/client/Minecraft.class  
  inflating: minecraft/net/minecraft/client/MinecraftApplet.class  
  inflating: minecraft/net/minecraft/isom/IsomPreviewApplet.class  
  inflating: minecraft/paulscode/sound/codecs/CodecJOrbis.class  
  inflating: minecraft/paulscode/sound/codecs/CodecWav.class  
  inflating: minecraft/paulscode/sound/libraries/ChannelLWJGLOpenAL.class  
  inflating: minecraft/paulscode/sound/libraries/LibraryLWJGLOpenAL.class  
  inflating: minecraft/paulscode/sound/libraries/SourceLWJGLOpenAL.class  
-=#=- 
-=#=- 
Parsing minecraft\a.class... Generating minecraft.src\a.java
Method <init>
Method a
Method equals
Method hashCode
Method a
Method toString
Parsing minecraft\aa.class... Generating minecraft.src\aa.java
Method <init>
Method a
Parsing minecraft\ab.class... Generating minecraft.src\ab.java
Method <init>
Method a
Method a
Method b
Method a
Method a
Method a
Parsing minecraft\ac.class... Generating minecraft.src\ac.java
Method <init>
Method a
Parsing minecraft\ad.class... Generating minecraft.src\ad.java
Method a
Method a
Method e
Method <init>
Method b
Overlapped try statements detected. Not all exception handlers will be resolved in the method b
Method a
Overlapped try statements detected. Not all exception handlers will be resolved in the method a
Method b
Method c
Method a
Overlapped try statements detected. Not all exception handlers will be resolved in the method a
Method run
Overlapped try statements detected. Not all exception handlers will be resolved in the method run
Method update
Method paint
Method d
Method a
Method mouseDragged
Method mouseMoved
Method mouseClicked
Method mouseEntered
Method mouseExited
Method mousePressed
Method mouseReleased
Method keyPressed
Method keyReleased
Method keyTyped
Method a
Parsing minecraft\ae.class... Generating minecraft.src\ae.java
Method <init>
Method a
Parsing minecraft\af.class... Generating minecraft.src\af.java
Method a
Method a
Method b
Method a
Method b
Parsing minecraft\ag.class... Generating minecraft.src\ag.java
Method <init>
Method a
Method a
Method b
Method a
Method b
Parsing minecraft\ah.class... Generating minecraft.src\ah.java
Method <init>
Parsing minecraft\ai.class... Generating minecraft.src\ai.java
Method <init>
Method a
Method b
Method a
Method a
Method h
Method a
Method a
Method a
Method b
Method i
Parsing minecraft\aj.class... Generating minecraft.src\aj.java
Method a
Method a
Method b
Method <init>
Method e
Method a
Method b
Method b
Method c
Method c
Method d
Method d
Method c
Method a
Method b
Method c
Method toString
Method a
Method b
Method <clinit>
Parsing minecraft\ak.class... Generating minecraft.src\ak.java
Method <init>
Method a
Method a
Method a
Method a
Method c
Method b
Method a
Method a
Method a
Method a
Method b
Method a
Parsing minecraft\al.class... Generating minecraft.src\al.java
Method <init>
Method a
Method d
Method b
Method c
Method a
Method e
Method a
Method a
Method b
Method h
Method b
Method a
Method b
Method c
Method d
Method e
Parsing minecraft\am.class... Generating minecraft.src\am.java
Method <init>
Method a
Method b
Method c
Method d
Method e
Method f
Method g
Method a
Parsing minecraft\an.class... Generating minecraft.src\an.java
Method <init>
Method a
Method a
Parsing minecraft\ao.class... Generating minecraft.src\ao.java
Method <init>
Method a
Method <init>
Method a
Method e_
Method a
Method b
Method b
Method h_
Parsing minecraft\ap.class... Generating minecraft.src\ap.java
Method <init>
Method a
Parsing minecraft\aq.class... Generating minecraft.src\aq.java
Method <init>
Parsing minecraft\ar.class... Generating minecraft.src\ar.java
Method <init>
Method a
Method a
Parsing minecraft\as.class... Generating minecraft.src\as.java
Method a
Method a
Method a
Parsing minecraft\at.class... Generating minecraft.src\at.java
Method <init>
Method a
Parsing minecraft\au.class... Generating minecraft.src\au.java
Method <init>
Method a
Method a
Method a
Method a
Method b
Parsing minecraft\av.class... Generating minecraft.src\av.java
Method <init>
Method a
Parsing minecraft\aw.class... Generating minecraft.src\aw.java
Method a
Method b
Method a
Method a
Method a
Method b
Parsing minecraft\ax.class... Generating minecraft.src\ax.java
Method <init>
Method h
Method i
Method c
Method d
Method e
Method a
Method a
Method b
Method g
Parsing minecraft\ay.class... Generating minecraft.src\ay.java
Method <init>
Method a
Method a
Method a
Parsing minecraft\az.class... Generating minecraft.src\az.java
Method <init>
Method a
Method a
Method a
Parsing minecraft\b.class... Generating minecraft.src\b.java
Method <init>
Method a
Method a
Method a
Method h
Method b
Method a
Method a_
Parsing minecraft\ba.class... Generating minecraft.src\ba.java
Method <init>
Method e_
Parsing minecraft\bb.class... Generating minecraft.src\bb.java
Method <init>
Method b
Method c
Method a
Method d
Parsing minecraft\bc.class... Generating minecraft.src\bc.java
Method <init>
Method <init>
Method a
Method a
Method b
Method c
Method d
Method e
Method f
Method g
Method h
Method i
Method a
Method a
Method b
Method j
Method a
Method a
Method k
Method a
Method l
Method b
Method m
Method n
Method o
Method a
Method b
Method c
Method d
Method e
Method f
Method a
Method a
Method a
Parsing minecraft\bd.class... Generating minecraft.src\bd.java
Method <init>
Method a
Method b
Method c
Method a
Method b
Parsing minecraft\be.class... Generating minecraft.src\be.java
Method <init>
Method a
Method <clinit>
Parsing minecraft\bf.class... Generating minecraft.src\bf.java
Method <init>
Method run
Couldn't fully decompile method run
Couldn't resolve all exception handlers in method run
Method a
Method a
Method a
Couldn't resolve all exception handlers in method a
Method a
Method b
Parsing minecraft\bg.class... Generating minecraft.src\bg.java
Method a
Method a
Method <init>
Method a
Method e
Method b
Method b
Method h
Method a
Method a
Method c
Method a
Method d
Method b
Method <clinit>
Parsing minecraft\bh.class... Generating minecraft.src\bh.java
Method <init>
Method a
Method a
Method c
Method a
Method b
Method a
Method a
Method a
Method d
Method e
Method f
Method g
Method h
Method i
Method a
Method b
Method b
Method a
Parsing minecraft\bi.class... Generating minecraft.src\bi.java
Method <init>
Method b_
Method j
Method k
Method a
Method a
Method b
Method a
Method a
Method l
Method a
Method a
Method a_
Method m
Method a_
Method a
Method n
Method o
Parsing minecraft\bj.class... Generating minecraft.src\bj.java
Method <init>
Method a_
Method a
Method a
Method b
Parsing minecraft\bk.class... Generating minecraft.src\bk.java
Method <init>
Parsing minecraft\bl.class... Generating minecraft.src\bl.java
Method <init>
Method a
Method b
Method a
Parsing minecraft\bm.class... Generating minecraft.src\bm.java
Method <init>
Method a
Method a
Method a
Method a
Parsing minecraft\bn.class... Generating minecraft.src\bn.java
Method <init>
Method a
Method g
Method a
Method a
Method b
Method c
Method a
Method a
Method d
Method e
Method f
Method <clinit>
Parsing minecraft\bo.class... Generating minecraft.src\bo.java
Method <init>
Method a
Method a
Method b
Method c
Method d
Method e
Parsing minecraft\bp.class... Generating minecraft.src\bp.java
Method <init>
Method a
Parsing minecraft\bq.class... Generating minecraft.src\bq.java
Method <init>
Method a
Method a
Method a
Method b
Method a
Method a
Method a
Method b
Parsing minecraft\br.class... Generating minecraft.src\br.java
Method <init>
Method d
Method f
Method b
Method c
Method f
Method a
Method d
Method a
Method a
Parsing minecraft\bs.class... Generating minecraft.src\bs.java
Method <init>
Method a
Method a
Method a
Method a
Method a
Parsing minecraft\bt.class... Generating minecraft.src\bt.java
Method <init>
Method a
Parsing minecraft\bu.class... Generating minecraft.src\bu.java
Method <init>
Method a
Method a
Method a
Method b
Method b
Method a
Method a
Method b
Method a
Method a
Method <clinit>
Parsing minecraft\bv.class... Generating minecraft.src\bv.java
Method <init>
Method a
Method a
Method b
Method a
Parsing minecraft\bw.class... Generating minecraft.src\bw.java
Method <init>
Method a
Method a
Method a
Method a
Parsing minecraft\bx.class... Generating minecraft.src\bx.java
Method <init>
Parsing minecraft\by.class... Generating minecraft.src\by.java
Method values
Method valueOf
Method <init>
Method <clinit>
Parsing minecraft\bz.class... Generating minecraft.src\bz.java
Method <init>
Method a
Overlapped try statements detected. Not all exception handlers will be resolved in the method a
Couldn't fully decompile method a
Couldn't resolve all exception handlers in method a
Method a
Method a
Method a
Parsing minecraft\c.class... Generating minecraft.src\c.java
Method <init>
Method a
Parsing minecraft\ca.class... Generating minecraft.src\ca.java
Method <init>
Method <init>
Parsing minecraft\cb.class... Generating minecraft.src\cb.java
Method <init>
Method a
Parsing minecraft\cc.class... Generating minecraft.src\cc.java
Method <init>
Parsing minecraft\cd.class... Generating minecraft.src\cd.java
Method <init>
Method a
Method e_
Method c
Parsing minecraft\ce.class... Generating minecraft.src\ce.java
Method <init>
Method a
Parsing minecraft\cf.class... Generating minecraft.src\cf.java
Method a
Method a
Method b
Method <init>
Method c
Method a
Method b
Method c
Method a
Method b
Method c
Method a
Method d
Method b
Method c
Method a
Method a
Method b
Method c
Method b
Method <clinit>
Parsing minecraft\cg.class... Generating minecraft.src\cg.java
Method <init>
Method a
Method a
Method b
Parsing minecraft\ch.class... Generating minecraft.src\ch.java
Method <init>
Method <init>
Method a
Method a
Method a
Parsing minecraft\ci.class... Generating minecraft.src\ci.java
Method <init>
Method a
Method b
Method c
Method d
Method a
Method e
Method f
Method g
Parsing minecraft\cj.class... Generating minecraft.src\cj.java
Method <init>
Method g
Method a
Method a
Method a
Method a
Parsing minecraft\ck.class... Generating minecraft.src\ck.java
Method <init>
Method a
Method b
Method c
Method a
Method a
Method a
Method b
Parsing minecraft\cl.class... Generating minecraft.src\cl.java
Method <init>
Method b
Method a
Parsing minecraft\cm.class... Generating minecraft.src\cm.java
Method <init>
Method a
Method a
Parsing minecraft\cn.class... Generating minecraft.src\cn.java
Method a
Method b
Method a
Method <init>
Method <init>
Method <init>
Overlapped try statements detected. Not all exception handlers will be resolved in the method <init>
Couldn't fully decompile method <init>
Couldn't resolve all exception handlers in method <init>
Method a
Method a
Method f
Method g
Method a
Method a
Method m
Method a
Method a
Method d
Method a
Method h
Method a
Method b
Method a
Method a
Method f
Method e
Method b
Method c
Method d
Method b
Method h
Method e
Method f
Method b
Method g
Method l
Method i
Method j
Method a
Method k
Method c
Method a
Method a
Method b
Method c
Method b
Method a
Method a
Method a
Method a
Method a
Method a
Method a
Method b
Method c
Method d
Method a
Method b
Method a
Method a
Method b
Method c
Method d
Method e
Method d
Method e
Method f
Method h
Method c
Method e
Method a
Method b
Method c
Method a
Method a
Method b
Method a
Method a
Method i
Method a
Method d
Method b
Method a
Method l
Method g
Method a
Method e
Method a
Method a
Method f
Method g
Method h
Method a
Method m
Method b
Method a
Method i
Method b
Method b
Method a
Method b
Method j
Method a
Method a
Method a
Method j
Method n
Method k
Method o
Method a
Method a
Method a
Method k
Method l
Overlapped try statements detected. Not all exception handlers will be resolved in the method l
Couldn't fully decompile method l
Couldn't resolve all exception handlers in method l
Method a
Method f
Method <clinit>
Parsing minecraft\co.class... Generating minecraft.src\co.java
Parsing minecraft\cp.class... Generating minecraft.src\cp.java
Method <init>
Method a
Method a
Parsing minecraft\cq.class... Generating minecraft.src\cq.java
Method <init>
Method a
Method a
Method e_
Parsing minecraft\cr.class... Generating minecraft.src\cr.java
Method <init>
Method <init>
Method <init>
Method b
Method a
Parsing minecraft\cs.class... Generating minecraft.src\cs.java
Method <init>
Method a
Method a
Parsing minecraft\ct.class... Generating minecraft.src\ct.java
Method <init>
Method a
Parsing minecraft\cu.class... Generating minecraft.src\cu.java
Method <init>
Method a
Parsing minecraft\cv.class... Generating minecraft.src\cv.java
Method <init>
Method a
Method a
Method e
Method a
Parsing minecraft\cw.class... Generating minecraft.src\cw.java
Method <init>
Method c
Method d
Method e
Method j
Method a
Method a
Method b
Method g
Parsing minecraft\cx.class... Generating minecraft.src\cx.java
Method <init>
Method g
Method a
Method a
Method a
Method a
Method a
Method j
Method <clinit>
Parsing minecraft\cy.class... Generating minecraft.src\cy.java
Method <init>
Method a
Method a
Parsing minecraft\cz.class... Generating minecraft.src\cz.java
Method <init>
Method a
Method a
Method a
Method a
Method b
Method a
Method a
Method a
Method a
Parsing minecraft\d.class... Generating minecraft.src\d.java
Method <init>
Method a
Method a
Method a
Method a
Parsing minecraft\da.class... Generating minecraft.src\da.java
Method <init>
Method a
Parsing minecraft\db.class... Generating minecraft.src\db.java
Method <init>
Method paint
Parsing minecraft\dc.class... Generating minecraft.src\dc.java
Method <init>
Method b_
Method f_
Method d_
Method <init>
Method h
Method a
Method c_
Method e_
Method i_
Method a
Method b
Method h_
Method a
Parsing minecraft\dd.class... Generating minecraft.src\dd.java
Method <init>
Method a
Method b
Method b_
Method d
Method e
Method b
Method a
Method b
Method g
Parsing minecraft\de.class... Generating minecraft.src\de.java
Method <init>
Method a
Method h
Method g
Method a
Couldn't fully decompile method a
Method a
Method a
Couldn't fully decompile method a
Parsing minecraft\df.class... Generating minecraft.src\df.java
Method <init>
Method a
Method a
Method a
Method b
Method c
Method d
Method <clinit>
Parsing minecraft\dg.class... Generating minecraft.src\dg.java
Method <init>
Method a
Method a
Method g
Method a
Method a
Parsing minecraft\dh.class... Generating minecraft.src\dh.java
Method <init>
Method e
Method a
Method a
Method h
Method a
Method a_
Method <clinit>
Parsing minecraft\di.class... Generating minecraft.src\di.java
Method <init>
Method a
Method a
Method a
Method a
Method a
Method b
Method c
Method a
Method a
Method a
Method a
Method b
Method d
Method a
Method <clinit>
Parsing minecraft\dj.class... Generating minecraft.src\dj.java
Method <init>
Method a
Method a
Parsing minecraft\dk.class... Generating minecraft.src\dk.java
Method <init>
Method a
Method a
Method b
Method b
Method c
Method d
Parsing minecraft\dl.class... Generating minecraft.src\dl.java
Method <init>
Method <clinit>
Parsing minecraft\dm.class... Generating minecraft.src\dm.java
Method <init>
Method p
Method q
Method b_
Method j
Method h
Method r
Method b
Method b
Method a
Method a
Method a
Method a
Method b
Method b
Method a
Method a
Method l
Method a_
Method s
Method a
Method a
Method a
Method a_
Method t
Method u
Method v
Method w
Parsing minecraft\dn.class... Generating minecraft.src\dn.java
Method <init>
Method a
Method a
Method c
Method d
Method b
Method a
Method a
Method a
Method a
Method a
Parsing minecraft\do.class... Generating minecraft.src\do.java
Method <init>
Method <init>
Method a
Method a
Method a
Method a
Parsing minecraft\dp.class... Generating minecraft.src\dp.java
Method <init>
Method a
Method e_
Parsing minecraft\dq.class... Generating minecraft.src\dq.java
Method <init>
Method j
Method e_
Method i
Method a
Method a
Method a
Method a
Method b
Method a
Parsing minecraft\dr.class... Generating minecraft.src\dr.java
Method <init>
Method a
Parsing minecraft\ds.class... Generating minecraft.src\ds.java
Method <init>
Method a
Method a
Parsing minecraft\dt.class... Generating minecraft.src\dt.java
Method <init>
Method a
Parsing minecraft\du.class... Generating minecraft.src\du.java
Method <init>
Method a
Method a
Method a
Method a
Parsing minecraft\dv.class... Generating minecraft.src\dv.java
Method <init>
Method b
Method a
Parsing minecraft\dw.class... Generating minecraft.src\dw.java
Method a
Method <init>
Method a
Method a
Method <clinit>
Parsing minecraft\dx.class... Generating minecraft.src\dx.java
Method <init>
Method <init>
Method e_
Method g_
Method g
Method a
Method a
Method a
Method b
Method b
Parsing minecraft\dy.class... Generating minecraft.src\dy.java
Method <init>
Method <init>
Method a
Method a
Method a
Method toString
Parsing minecraft\dz.class... Generating minecraft.src\dz.java
Method <init>
Method <init>
Method a
Method a
Method a
Method a
Parsing minecraft\e.class... Generating minecraft.src\e.java
Method <init>
Method f
Method a
Method a
Method a
Method b
Method c
Method b
Method a
Method a
Method a
Method a
Method d
Method a
Method b
Method c
Method a
Method a
Method b
Method a
Method a
Method a
Method b
Method a
Method a
Method a
Method a
Method a
Method b
Method e
Method a
Parsing minecraft\ea.class... Generating minecraft.src\ea.java
Method <init>
Method j
Method a
Parsing minecraft\eb.class... Generating minecraft.src\eb.java
Method <init>
Method a
Method a
Method a
Parsing minecraft\ec.class... Generating minecraft.src\ec.java
Method <init>
Method a
Parsing minecraft\ed.class... Generating minecraft.src\ed.java
Method <init>
Method a
Method <init>
Method <init>
Parsing minecraft\ee.class... Generating minecraft.src\ee.java
Method <init>
Method a
Method j
Method a
Method a
Method a
Method a
Method b
Method a
Method h
Method b
Method <clinit>
Parsing minecraft\ef.class... Generating minecraft.src\ef.java
Method <init>
Method a
Parsing minecraft\eg.class... Generating minecraft.src\eg.java
Method <init>
Method a
Parsing minecraft\eh.class... Generating minecraft.src\eh.java
Method <init>
Method <init>
Method a
Method a
Method a
Method a
Parsing minecraft\ei.class... Generating minecraft.src\ei.java
Method <init>
Method a
Method a
Parsing minecraft\ej.class... Generating minecraft.src\ej.java
Method <init>
Method a
Method a
Method a
Method b
Method a
Method a
Method b
Method c
Method c
Method d
Method a
Method e
Method a
Method a
Method <clinit>
Parsing minecraft\ek.class... Generating minecraft.src\ek.java
Method <init>
Method b_
Method a
Method a
Method i
Method a
Parsing minecraft\el.class... Generating minecraft.src\el.java
Method <init>
Method a
Method a
Method a
Method b
Method a
Method b
Method a
Method a
Method b
Parsing minecraft\em.class... Generating minecraft.src\em.java
Method <init>
Method b
Method a
Parsing minecraft\en.class... Generating minecraft.src\en.java
Method <init>
Method <init>
Method a
Method e_
Parsing minecraft\eo.class... Generating minecraft.src\eo.java
Method <init>
Method a
Method b
Method c
Method a
Method d
Method b
Method e
Method a
Method a
Method <clinit>
Parsing minecraft\ep.class... Generating minecraft.src\ep.java
Method <init>
Method openInputStream
Parsing minecraft\eq.class... Generating minecraft.src\eq.java
Method <init>
Method a
Method a
Method d
Method a
Method a
Parsing minecraft\er.class... Generating minecraft.src\er.java
Method values
Method valueOf
Method <init>
Method <clinit>
Parsing minecraft\es.class... Generating minecraft.src\es.java
Method <init>
Method a
Parsing minecraft\et.class... Generating minecraft.src\et.java
Method <init>
Method a
Method a
Parsing minecraft\eu.class... Generating minecraft.src\eu.java
Method <init>
Method a
Method f
Method g
Method j
Method a
Method a
Method b
Method b
Method b
Method a
Method a
Method a
Method a
Method a
Method b
Method c
Method c
Method d
Method e
Method a
Method b
Method d
Method f
Method e
Method g
Method j_
Method a
Method a
Method i
Parsing minecraft\ev.class... Generating minecraft.src\ev.java
Method <init>
Method <init>
Method <init>
Method <init>
Method <init>
Method <init>
Method <init>
Method <init>
Method a
Method a
Method b
Method a
Method a
Method a
Method a
Method b
Method c
Method d
Method b
Method a
Method a
Method a
Method b
Method a
Method b
Method e
Parsing minecraft\ew.class... Generating minecraft.src\ew.java
Method <init>
Method a
Method a
Method a
Method a
Method a
Method b
Method <clinit>
Parsing minecraft\ex.class... Generating minecraft.src\ex.java
Method <init>
Method a
Method a
Method a
Method a
Parsing minecraft\ey.class... Generating minecraft.src\ey.java
Method <init>
Method a
Method b
Method a
Method a
Method a
Method a
Method a
Method b
Method a
Method a
Method a
Method b
Method b
Method b
Method <clinit>
Parsing minecraft\ez.class... Generating minecraft.src\ez.java
Method <init>
Method <init>
Method a
Method a
Method a
Method a
Parsing minecraft\f.class... Generating minecraft.src\f.java
Method <init>
Method <init>
Method a
Method a
Method a
Method toString
Parsing minecraft\fa.class... Generating minecraft.src\fa.java
Method values
Method valueOf
Method <init>
Method <clinit>
Parsing minecraft\fb.class... Generating minecraft.src\fb.java
Method <init>
Method a
Method compare
Parsing minecraft\fc.class... Generating minecraft.src\fc.java
Method <init>
Method b
Method c
Parsing minecraft\fd.class... Generating minecraft.src\fd.java
Method <init>
Method d
Method b
Method c
Method a
Method a
Method h
Method a_
Method a
Method a
Method a
Method c
Parsing minecraft\fe.class... Generating minecraft.src\fe.java
Method <init>
Method c
Method c
Method a
Method a
Method d
Method a
Method b
Method e
Parsing minecraft\ff.class... Generating minecraft.src\ff.java
Method <init>
Method <init>
Method c_
Method e_
Method a
Method b
Method h_
Method i
Parsing minecraft\fg.class... Generating minecraft.src\fg.java
Method <init>
Method <init>
Method a
Method a
Method a
Method a
Parsing minecraft\fh.class... Generating minecraft.src\fh.java
Method <init>
Method a
Method a
Method b
Method c
Method f
Parsing minecraft\fi.class... Generating minecraft.src\fi.java
Method <init>
Method e
Method a
Method a
Method a
Method f
Method a
Method b
Method c
Method a
Method a
Method d
Parsing minecraft\fj.class... Generating minecraft.src\fj.java
Method <init>
Method a
Parsing minecraft\fk.class... Generating minecraft.src\fk.java
Method <init>
Method <init>
Method a
Method a
Method b
Method a
Method c
Parsing minecraft\fl.class... Generating minecraft.src\fl.java
Method <init>
Method run
Parsing minecraft\fm.class... Generating minecraft.src\fm.java
Method <init>
Method a
Parsing minecraft\fn.class... Generating minecraft.src\fn.java
Method <init>
Method a
Method a
Couldn't resolve all exception handlers in method a
Method b
Method b
Method a
Method a
Method a
Method a
Method a
Method <clinit>
Parsing minecraft\fo.class... Generating minecraft.src\fo.java
Method <init>
Method b
Method a
Parsing minecraft\fp.class... Generating minecraft.src\fp.java
Method <init>
Method windowClosing
Parsing minecraft\fq.class... Generating minecraft.src\fq.java
Method <clinit>
Parsing minecraft\fr.class... Generating minecraft.src\fr.java
Method <init>
Method <init>
Method a
Method a
Method a
Method b
Method b
Method c
Method d
Method a
Couldn't resolve all exception handlers in method a
Method a
Method b
Method <clinit>
Parsing minecraft\fs.class... Generating minecraft.src\fs.java
Method <init>
Method a
Method compare
Parsing minecraft\ft.class... Generating minecraft.src\ft.java
Method <init>
Method a
Method b
Method c
Method a
Method b
Method a
Method a
Method a
Method b
Parsing minecraft\fu.class... Generating minecraft.src\fu.java
Method <init>
Method a
Method a
Parsing minecraft\fv.class... Generating minecraft.src\fv.java
Method <init>
Parsing minecraft\fw.class... Generating minecraft.src\fw.java
Method <init>
Method a
Method b
Method c
Method f
Method f
Method d
Method a
Method b
Method b
Method a
Method a
Method a
Method a
Method a
Method c
Method a
Parsing minecraft\fx.class... Generating minecraft.src\fx.java
Method <init>
Method a
Method a
Method b
Method a
Method a
Method b
Method c
Parsing minecraft\fy.class... Generating minecraft.src\fy.java
Method <init>
Method a
Method a
Method a
Method toString
Parsing minecraft\fz.class... Generating minecraft.src\fz.java
Method <init>
Method a
Method a
Method b
Method a
Method a
Method a
Method a
Method <clinit>
Parsing minecraft\g.class... Generating minecraft.src\g.java
Method <init>
Method a
Parsing minecraft\ga.class... Generating minecraft.src\ga.java
Method <init>
Method <init>
Method a
Method b
Method a
Method b
Method c
Method c
Method f
Method g
Method a
Method a
Method a
Method b
Method b
Method a
Method a
Method c
Method a
Method b
Method a
Method c
Method d
Method a
Method a
Method e
Method d
Method e
Method f
Method a
Method a
Method a
Method a
Method a
Parsing minecraft\gb.class... Generating minecraft.src\gb.java
Method <init>
Method d
Method a
Method b
Method c
Method f
Method e
Method <clinit>
Parsing minecraft\gc.class... Generating minecraft.src\gc.java
Method <init>
Method g
Method a
Method a
Method a
Couldn't fully decompile method a
Method a
Parsing minecraft\gd.class... Generating minecraft.src\gd.java
Method <init>
Method a
Method a
Method a
Parsing minecraft\ge.class... Generating minecraft.src\ge.java
Method <init>
Method c
Method x
Method c_
Method d_
Method s
Method b
Method y
Method z
Method p
Method a
Method e_
Method a
Method b
Method a
Method f
Method c
Method d
Method e
Method a
Method b
Method g
Method c
Method b
Method A
Method a
Method b
Method B
Method j
Method C
Method b_
Method b
Method b
Method D
Method a
Method E
Method d
Method e
Method f
Method a
Parsing minecraft\gf.class... Generating minecraft.src\gf.java
Method <init>
Method a
Parsing minecraft\gg.class... Generating minecraft.src\gg.java
Method <init>
Method a
Method b
Method c
Parsing minecraft\gh.class... Generating minecraft.src\gh.java
Method c
Method c
Method a
Method a
Method d
Method e
Method j_
Parsing minecraft\gi.class... Generating minecraft.src\gi.java
Method <init>
Method a
Method a
Method a
Method a
Parsing minecraft\gj.class... Generating minecraft.src\gj.java
Method <init>
Method a
Parsing minecraft\gk.class... Generating minecraft.src\gk.java
Method <init>
Method a
Method a
Parsing minecraft\gl.class... Generating minecraft.src\gl.java
Method <init>
Method a
Method compare
Parsing minecraft\gm.class... Generating minecraft.src\gm.java
Method <init>
Method a
Method a
Parsing minecraft\gn.class... Generating minecraft.src\gn.java
Method <init>
Method <init>
Method a
Method a
Method a
Method toString
Parsing minecraft\go.class... Generating minecraft.src\go.java
Method <init>
Parsing minecraft\gp.class... Generating minecraft.src\gp.java
Method <init>
Method <init>
Method a
Method a
Method a
Method a
Parsing minecraft\gq.class... Generating minecraft.src\gq.java
Method <init>
Method a
Method a
Method a
Method a
Parsing minecraft\gr.class... Generating minecraft.src\gr.java
Method <init>
Method a
Method b
Method c
Method d
Method a
Parsing minecraft\gs.class... Generating minecraft.src\gs.java
Method <init>
Method g
Method c
Method a
Method a
Method h
Method h
Method a
Method a
Method a
Method d
Method b
Method c
Method a
Method b
Method c
Method c
Method a
Method a
Method c
Method b
Method k
Parsing minecraft\gt.class... Generating minecraft.src\gt.java
Method <init>
Method <init>
Method a
Method a
Method a
Method a
Parsing minecraft\gu.class... Generating minecraft.src\gu.java
Method <init>
Method <init>
Method c
Method c
Method d
Method a
Method a
Method e
Method j_
Parsing minecraft\gv.class... Generating minecraft.src\gv.java
Method <init>
Method a
Parsing minecraft\gw.class... Generating minecraft.src\gw.java
Method <init>
Method a
Method a
Parsing minecraft\gx.class... Generating minecraft.src\gx.java
Method <init>
Parsing minecraft\gy.class... Generating minecraft.src\gy.java
Method <init>
Method a
Method a
Method a
Method a
Method a
Method a
Method a
Method a
Method a
Method a
Method a
Method a
Method a
Method a
Method a
Method a
Method a
Method a
Method a
Method a
Method a
Method a
Method b
Method a
Method a
Method a
Method a
Method a
Parsing minecraft\gz.class... Generating minecraft.src\gz.java
Method <init>
Method a
Parsing minecraft\h.class... Generating minecraft.src\h.java
Method <init>
Method addNotify
Method removeNotify
Parsing minecraft\ha.class... Generating minecraft.src\ha.java
Method <init>
Method <init>
Method a
Method a
Method a
Method a
Parsing minecraft\hb.class... Generating minecraft.src\hb.java
Method a
Parsing minecraft\hc.class... Generating minecraft.src\hc.java
Method <init>
Method equals
Method hashCode
Parsing minecraft\hd.class... Generating minecraft.src\hd.java
Method <init>
Method b
Method a
Method i
Method a
Method f
Method b
Method a
Method a
Parsing minecraft\he.class... Generating minecraft.src\he.java
Method <init>
Method g
Method c
Method b
Method a
Method a
Parsing minecraft\hf.class... Generating minecraft.src\hf.java
Method <init>
Method <init>
Method a
Method a
Method a
Method a
Parsing minecraft\hg.class... Generating minecraft.src\hg.java
Method <init>
Method b
Method a
Parsing minecraft\hh.class... Generating minecraft.src\hh.java
Method <init>
Method a
Method b
Parsing minecraft\hi.class... Generating minecraft.src\hi.java
Method <init>
Method b
Method c
Parsing minecraft\hj.class... Generating minecraft.src\hj.java
Method <init>
Method b
Method a
Parsing minecraft\hk.class... Generating minecraft.src\hk.java
Method <init>
Method read
Method read
Parsing minecraft\hl.class... Generating minecraft.src\hl.java
Method <init>
Method a
Parsing minecraft\hm.class... Generating minecraft.src\hm.java
Method <init>
Method a
Method a
Method a
Method a
Method a
Method a
Method a
Method a
Method a
Method a
Method a
Method a
Method a
Method a
Method b
Method c
Method d
Method e
Method f
Method g
Method h
Method i
Method j
Method k
Method l
Method m
Method toString
Parsing minecraft\hn.class... Generating minecraft.src\hn.java
Method <init>
Method a
Method j
Method a
Method k
Parsing minecraft\ho.class... Generating minecraft.src\ho.java
Method <init>
Method a
Method d
Method b
Method a
Method a
Method a
Method a
Method a
Method a
Method a
Method a
Method b
Method c
Method b
Method b
Method c
Method <clinit>
Parsing minecraft\hp.class... Generating minecraft.src\hp.java
Method <init>
Method <init>
Method a
Method a
Method a
Method a
Parsing minecraft\hq.class... Generating minecraft.src\hq.java
Method <init>
Method a
Method a
Method b
Method c
Method a
Method a
Method b
Method a
Method c
Method d
Method b
Method a
Method b
Parsing minecraft\hr.class... Generating minecraft.src\hr.java
Method <init>
Method a
Parsing minecraft\hs.class... Generating minecraft.src\hs.java
Method <init>
Method c
Method d
Method c
Method a
Method a
Method e
Method j_
Parsing minecraft\ht.class... Generating minecraft.src\ht.java
Method <init>
Method a
Parsing minecraft\hu.class... Generating minecraft.src\hu.java
Method <init>
Method d
Method a
Method b
Method c
Method a
Method d
Method e
Method a
Method h
Method a
Method b
Method a
Method b
Method b
Method c
Method d
Method a
Method e
Parsing minecraft\hv.class... Generating minecraft.src\hv.java
Method <init>
Method j
Method a
Method g
Method a
Method k
Method l
Method f
Method m
Method e
Parsing minecraft\hw.class... Generating minecraft.src\hw.java
Method <init>
Method a
Method a
Parsing minecraft\hx.class... Generating minecraft.src\hx.java
Method <init>
Method h
Method j
Method a
Parsing minecraft\hy.class... Generating minecraft.src\hy.java
Method <init>
Method a
Method d
Method f
Method a
Method c
Method b
Method f
Method a
Method a
Method g
Method b
Parsing minecraft\hz.class... Generating minecraft.src\hz.java
Method <init>
Parsing minecraft\i.class... Generating minecraft.src\i.java
Method <init>
Method a
Method b
Method a
Method a
Method <clinit>
Parsing minecraft\ia.class... Generating minecraft.src\ia.java
Method <init>
Method a
Method b
Method a
Method a
Method c
Method a
Method b
Method a
Method c
Parsing minecraft\ib.class... Generating minecraft.src\ib.java
Method <init>
Method j
Method c
Method a
Parsing minecraft\ic.class... Generating minecraft.src\ic.java
Method <init>
Method a
Method a
Method b
Method b
Method c
Method f
Method j_
Method a
Method g
Method <clinit>
Parsing minecraft\id.class... Generating minecraft.src\id.java
Method <init>
Method j
Method a
Parsing minecraft\ie.class... Generating minecraft.src\ie.java
Method <init>
Method a
Method a
Method g
Method a
Parsing minecraft\if.class... Generating minecraft.src\if.java
Method <init>
Method d
Method b
Method a
Method a
Method a
Method c
Method f
Method a
Method a
Method e
Method a
Method h
Parsing minecraft\ig.class... Generating minecraft.src\ig.java
Method <init>
Method c
Method a
Parsing minecraft\ih.class... Generating minecraft.src\ih.java
Method values
Method valueOf
Method <init>
Method <clinit>
Parsing minecraft\ii.class... Generating minecraft.src\ii.java
Method <init>
Method a
Overlapped try statements detected. Not all exception handlers will be resolved in the method a
Method b
Overlapped try statements detected. Not all exception handlers will be resolved in the method b
Method c
Method a
Method a
Method a
Method a
Method b
Method c
Method d
Method e
Method f
Method <clinit>
Parsing minecraft\ij.class... Generating minecraft.src\ij.java
Method <init>
Method <init>
Method a
Method a
Method a
Method a
Parsing minecraft\ik.class... Generating minecraft.src\ik.java
Method <init>
Method a
Method a
Parsing minecraft\il.class... Generating minecraft.src\il.java
Method <init>
Method b
Method d
Method a
Method c
Parsing minecraft\im.class... Generating minecraft.src\im.java
Method a
Method b
Method a
Method a
Method a
Method b
Method e
Method a
Method a
Parsing minecraft\in.class... Generating minecraft.src\in.java
Method <init>
Method a
Method a
Parsing minecraft\io.class... Generating minecraft.src\io.java
Method <init>
Method <init>
Method a
Method a
Method a
Method toString
Parsing minecraft\ip.class... Generating minecraft.src\ip.java
Method <init>
Method a
Method a
Method a
Method a
Method b
Method c
Parsing minecraft\iq.class... Generating minecraft.src\iq.java
Method <init>
Method a
Method a
Method d
Method e
Method f
Method g
Method a
Method b
Method b
Method c
Method c
Method h
Method b
Method i
Method a
Method a
Parsing minecraft\ir.class... Generating minecraft.src\ir.java
Method <init>
Method a
Parsing minecraft\is.class... Generating minecraft.src\is.java
Method <init>
Method a
Method a
Method a
Parsing minecraft\it.class... Generating minecraft.src\it.java
Method <init>
Parsing minecraft\iu.class... Generating minecraft.src\iu.java
Method <init>
Method a
Method a
Method a
Method a
Method a
Parsing minecraft\iv.class... Generating minecraft.src\iv.java
Method <init>
Method g
Method a
Method a
Method a
Parsing minecraft\iw.class... Generating minecraft.src\iw.java
Method <init>
Method c
Method a
Parsing minecraft\ix.class... Generating minecraft.src\ix.java
Method <init>
Method <init>
Method a
Method a
Method a
Method toString
Parsing minecraft\iy.class... Generating minecraft.src\iy.java
Method <init>
Method a
Method b
Parsing minecraft\iz.class... Generating minecraft.src\iz.java
Method <init>
Method a
Method f
Method h
Method g
Method a
Method i
Method a
Method a
Method b
Method a
Method a
Parsing minecraft\j.class... Generating minecraft.src\j.java
Method <init>
Method a
Method a
Method b
Method <clinit>
Parsing minecraft\ja.class... Generating minecraft.src\ja.java
Method <init>
Method a
Method a
Method a
Parsing minecraft\jb.class... Generating minecraft.src\jb.java
Method <init>
Method a
Method a
Method e_
Parsing minecraft\jc.class... Generating minecraft.src\jc.java
Method <init>
Method <init>
Method b
Method c
Method e_
Method i
Method c_
Method a
Method a
Method b
Parsing minecraft\jd.class... Generating minecraft.src\jd.java
Method <init>
Method <init>
Method c_
Method e_
Method i
Method a
Method b
Method h_
Parsing minecraft\je.class... Generating minecraft.src\je.java
Method <init>
Method a
Parsing minecraft\jf.class... Generating minecraft.src\jf.java
Method <init>
Method equals
Method hashCode
Method a
Method a
Method compareTo
Method <clinit>
Parsing minecraft\jg.class... Generating minecraft.src\jg.java
Method <init>
Method a
Parsing minecraft\jh.class... Generating minecraft.src\jh.java
Method <init>
Method a
Method a
Method b
Method a
Method c
Method d
Method a
Method b
Method c
Parsing minecraft\ji.class... Generating minecraft.src\ji.java
Method <init>
Method a
Method a
Method a
Method a
Parsing minecraft\jj.class... Generating minecraft.src\jj.java
Method <init>
Method a
Method a
Parsing minecraft\jk.class... Generating minecraft.src\jk.java
Method <init>
Method a
Parsing minecraft\jl.class... Generating minecraft.src\jl.java
Method <init>
Method <init>
Method a
Method a
Method a
Method a
Parsing minecraft\jm.class... Generating minecraft.src\jm.java
Method <init>
Method a
Method a
Method a
Method h
Method g
Method d
Method a
Method b
Method c
Method f
Parsing minecraft\jn.class... Generating minecraft.src\jn.java
Method <init>
Method a
Parsing minecraft\jo.class... Generating minecraft.src\jo.java
Method <init>
Method a
Parsing minecraft\jp.class... Generating minecraft.src\jp.java
Method <init>
Method b
Method a
Method h
Method b
Method c
Method b
Method a
Method c
Method d
Method f
Method a
Method a
Method e
Method a
Method a
Method c
Method a
Method g
Method b
Method a
Method e
Method a
Method j
Method i
Parsing minecraft\jq.class... Generating minecraft.src\jq.java
Method <init>
Method a
Method d
Method j
Method a
Method c
Method a
Parsing minecraft\jr.class... Generating minecraft.src\jr.java
Method <init>
Method a
Method a
Method b
Method c
Parsing minecraft\js.class... Generating minecraft.src\js.java
Method values
Method valueOf
Method <init>
Method <clinit>
Parsing minecraft\jt.class... Generating minecraft.src\jt.java
Method <init>
Method <init>
Method e
Method b
Method a_
Parsing minecraft\ju.class... Generating minecraft.src\ju.java
Method <init>
Method a
Method a
Method a
Method a
Parsing minecraft\jv.class... Generating minecraft.src\jv.java
Method <init>
Method a
Method a
Parsing minecraft\jw.class... Generating minecraft.src\jw.java
Method <init>
Method b
Method a
Parsing minecraft\jx.class... Generating minecraft.src\jx.java
Method <init>
Method a
Method a
Method a
Parsing minecraft\jy.class... Generating minecraft.src\jy.java
Method <init>
Method b
Method a
Parsing minecraft\jz.class... Generating minecraft.src\jz.java
Method <init>
Method a
Parsing minecraft\k.class... Generating minecraft.src\k.java
Method <init>
Method a
Parsing minecraft\ka.class... Generating minecraft.src\ka.java
Method <init>
Method a
Method a
Method a
Method a
Parsing minecraft\kb.class... Generating minecraft.src\kb.java
Method <init>
Method d
Method c
Method a
Parsing minecraft\kc.class... Generating minecraft.src\kc.java
Method <init>
Method a
Parsing minecraft\kd.class... Generating minecraft.src\kd.java
Method <init>
Method a
Method b
Method a
Method a
Parsing minecraft\ke.class... Generating minecraft.src\ke.java
Method <init>
Method c
Method c
Method a
Method a
Method d
Method a
Method b
Method e
Method a
Method b
Method a
Method b
Method j
Method i
Method d
Method a
Parsing minecraft\kf.class... Generating minecraft.src\kf.java
Method <init>
Method a
Method d
Method b
Method c
Method f
Method a
Method h
Method i
Method e
Method b
Method g
Method a
Method a
Method c
Method b
Method d
Method b
Method b
Parsing minecraft\kg.class... Generating minecraft.src\kg.java
Method <init>
Method <init>
Method a
Method e_
Method a
Method b
Method b
Method h_
Parsing minecraft\kh.class... Generating minecraft.src\kh.java
Method <init>
Method equals
Method hashCode
Method q
Method F
Method a
Method c
Method a
Method d
Method e_
Method y
Method E
Method b
Method c
Method o
Method f_
Method a
Method c
Method g_
Method a
Method s
Method G
Method a
Method a
Method a
Method b
Method c
Method d
Method d
Method e
Method e
Method b
Method f
Method f
Method a
Method c_
Method d_
Method b
Method a
Method a
Method x
Method c
Method d
Method e
Method H
Method b
Method a
Method a
Method a
Method h_
Method b
Method a
Method B
Method I
Method a
Method b_
Method p
Method i_
Method v
Method h
Method g
Method a
Method <clinit>
Parsing minecraft\ki.class... Generating minecraft.src\ki.java
Method <init>
Method a
Method a
Method a
Method toString
Method a
Method a
Method c
Parsing minecraft\kj.class... Generating minecraft.src\kj.java
Method <init>
Method a
Method a
Method a
Method a
Parsing minecraft\kk.class... Generating minecraft.src\kk.java
Method <init>
Method a
Method a
Method a
Parsing minecraft\kl.class... Generating minecraft.src\kl.java
Method <init>
Method a
Method a
Method a
Parsing minecraft\km.class... Generating minecraft.src\km.java
Method <init>
Method b
Method c
Method f
Method c
Method a
Method a
Method h
Method i
Method j
Method b
Method b
Method b
Method c
Method a
Method g
Method a
Method a
Method a
Method a
Method a
Method a
Method f
Method a
Method h
Method a
Method a
Method e
Method b
Method a
Method b_
Method a
Method a
Method a
Method c
Parsing minecraft\kn.class... Generating minecraft.src\kn.java
Method <init>
Method a
Method a
Parsing minecraft\ko.class... Generating minecraft.src\ko.java
Method <init>
Parsing minecraft\kp.class... Generating minecraft.src\kp.java
Method <init>
Method a
Method a
Method a
Parsing minecraft\kq.class... Generating minecraft.src\kq.java
Method <init>
Parsing minecraft\kr.class... Generating minecraft.src\kr.java
Method <init>
Method <init>
Method a
Method a
Method a
Method toString
Parsing minecraft\ks.class... Generating minecraft.src\ks.java
Method <init>
Method <clinit>
Parsing minecraft\kt.class... Generating minecraft.src\kt.java
Method <init>
Method a
Method a
Parsing minecraft\ku.class... Generating minecraft.src\ku.java
Method <init>
Method a
Method e
Method h
Method a
Method b
Method a
Method a
Method a
Method a_
Parsing minecraft\kv.class... Generating minecraft.src\kv.java
Method <init>
Method b
Method a
Parsing minecraft\kw.class... Generating minecraft.src\kw.java
Method <init>
Method a
Method a
Method a
Method a
Method b
Parsing minecraft\kx.class... Generating minecraft.src\kx.java
Method <init>
Method a
Method a
Method a
Method a
Method a
Method a
Method a
Method a
Method <clinit>
Parsing minecraft\ky.class... Generating minecraft.src\ky.java
Method <init>
Method b
Method g
Parsing minecraft\kz.class... Generating minecraft.src\kz.java
Method <init>
Method run
Overlapped try statements detected. Not all exception handlers will be resolved in the method run
Couldn't fully decompile method run
Couldn't resolve all exception handlers in method run
Parsing minecraft\l.class... Generating minecraft.src\l.java
Method <init>
Method a
Parsing minecraft\la.class... Generating minecraft.src\la.java
Method <init>
Method e_
Method n
Method J
Method a
Method a
Method w
Parsing minecraft\lb.class... Generating minecraft.src\lb.java
Method <init>
Method a
Method b
Method a
Method a
Method a
Method a
Method a
Method a
Method a
Method a
Method a
Method a
Method a
Method a
Method a
Method a
Method a
Method a
Method a
Method a
Method a
Method a
Method a
Method a
Method a
Method a
Method a
Method a
Parsing minecraft\lc.class... Generating minecraft.src\lc.java
Method <init>
Parsing minecraft\ld.class... Generating minecraft.src\ld.java
Method <init>
Method a
Method a
Method a
Method a
Parsing minecraft\le.class... Generating minecraft.src\le.java
Method <init>
Method a
Method a
Couldn't resolve all exception handlers in method a
Method a
Method a
Method a
Method a
Method b
Method b
Parsing minecraft\lf.class... Generating minecraft.src\lf.java
Method <init>
Method a
Parsing minecraft\lg.class... Generating minecraft.src\lg.java
Method <init>
Method a
Parsing minecraft\lh.class... Generating minecraft.src\lh.java
Method <init>
Method run
Parsing minecraft\li.class... Generating minecraft.src\li.java
Method <init>
Method a
Method a
Method a
Method a
Parsing minecraft\lj.class... Generating minecraft.src\lj.java
Method <init>
Method a
Method c
Parsing minecraft\lk.class... Generating minecraft.src\lk.java
Method <init>
Method a
Parsing minecraft\ll.class... Generating minecraft.src\ll.java
Method <init>
Method <init>
Method a
Method a
Parsing minecraft\lm.class... Generating minecraft.src\lm.java
Method <init>
Method a
Method a
Method a
Method b
Method b
Parsing minecraft\ln.class... Generating minecraft.src\ln.java
Method <clinit>
Parsing minecraft\lo.class... Generating minecraft.src\lo.java
Method <init>
Method j
Method a
Method a
Parsing minecraft\lp.class... Generating minecraft.src\lp.java
Method <init>
Method a
Method a
Parsing minecraft\lq.class... Generating minecraft.src\lq.java
Method <init>
Method a
Method a
Method a
Method a
Parsing minecraft\lr.class... Generating minecraft.src\lr.java
Method <init>
Method d
Method f
Method a
Method f
Method c
Method b
Method a_
Method a
Method a
Parsing minecraft\ls.class... Generating minecraft.src\ls.java
Method <init>
Method <init>
Method a
Method a
Method a
Method toString
Parsing minecraft\lt.class... Generating minecraft.src\lt.java
Method <init>
Method a
Method a
Parsing minecraft\lu.class... Generating minecraft.src\lu.java
Method <init>
Method a
Method a
Method a
Method a
Method a
Method b
Method <clinit>
Parsing minecraft\lv.class... Generating minecraft.src\lv.java
Method <init>
Method a
Method a
Method a
Parsing minecraft\lw.class... Generating minecraft.src\lw.java
Method <init>
Method a
Method a
Method a
Method a
Parsing minecraft\lx.class... Generating minecraft.src\lx.java
Method <init>
Parsing minecraft\ly.class... Generating minecraft.src\ly.java
Method <init>
Method <init>
Method a
Method d
Method a
Method b
Method i
Method c
Method f
Method c
Method b
Method a
Method c
Method c
Method a
Method a
Method a
Method f
Method a
Method d
Method b
Method a
Method h
Method a
Method b
Method b
Method a
Method a
Method e
Method b
Method a
Method a
Method a
Method b_
Method a
Method a
Method a
Method a
Method b
Method c
Method c
Method g
Method a
Method a
Method a
Method d
Method b
Method a
Method a
Method d
Method b
Method d
Method b
Method c
Method e
Method a_
Method g
Method <clinit>
Parsing minecraft\lz.class... Generating minecraft.src\lz.java
Method <init>
Method a
Method c
Method d
Method b
Method a
Method a
Method b
Method a
Parsing minecraft\m.class... Generating minecraft.src\m.java
Method <init>
Method <init>
Method a
Method a
Method a
Method a
Parsing minecraft\ma.class... Generating minecraft.src\ma.java
Method <init>
Method c
Method a
Method b
Method e_
Method b_
Method F
Method b
Method d
Method e
Method g
Method a
Method f
Parsing minecraft\mb.class... Generating minecraft.src\mb.java
Method <init>
Method j
Method c
Method d
Method e
Method g
Parsing minecraft\mc.class... Generating minecraft.src\mc.java
Method <init>
Method a
Method a
Method a
Parsing minecraft\md.class... Generating minecraft.src\md.java
Method <init>
Method a
Parsing minecraft\me.class... Generating minecraft.src\me.java
Method <init>
Method a
Parsing minecraft\mf.class... Generating minecraft.src\mf.java
Method <init>
Method <init>
Parsing minecraft\mg.class... Generating minecraft.src\mg.java
Method <init>
Method a
Method a
Method a
Parsing minecraft\mh.class... Generating minecraft.src\mh.java
Method <init>
Method <init>
Method a
Method a
Method a
Parsing minecraft\mi.class... Generating minecraft.src\mi.java
Method <init>
Method d
Method b
Method c
Method a
Method a
Method a
Method h
Method i
Method a
Method a
Parsing minecraft\mj.class... Generating minecraft.src\mj.java
Method <init>
Method d
Method b
Method c
Method f
Method a
Method d
Method a
Method e
Method a
Method h
Method a
Method b
Parsing minecraft\mk.class... Generating minecraft.src\mk.java
Method <init>
Method a
Method b
Method a
Method a
Method b
Method b
Method c
Method c
Method d
Method c
Method a
Method a
Parsing minecraft\ml.class... Generating minecraft.src\ml.java
Method <init>
Method a
Parsing minecraft\mm.class... Generating minecraft.src\mm.java
Method <init>
Method a
Parsing minecraft\mn.class... Generating minecraft.src\mn.java
Method <init>
Method g
Method a
Method a
Method a
Method a
Method a
Method a
Method b
Parsing minecraft\mo.class... Generating minecraft.src\mo.java
Method <init>
Method a
Method b
Method c
Method a
Parsing minecraft\mp.class... Generating minecraft.src\mp.java
Method <init>
Method a
Method b
Method c
Parsing minecraft\mq.class... Generating minecraft.src\mq.java
Method <init>
Method a
Method b
Method a
Method a
Method h
Method g
Method d
Method b
Method c
Method f
Parsing minecraft\mr.class... Generating minecraft.src\mr.java
Method <init>
Method <clinit>
Parsing minecraft\ms.class... Generating minecraft.src\ms.java
Method <init>
Method a
Method <clinit>
Parsing minecraft\mt.class... Generating minecraft.src\mt.java
Method <init>
Method equals
Method hashCode
Parsing minecraft\mu.class... Generating minecraft.src\mu.java
Method <init>
Method <init>
Method a
Method a
Method a
Parsing minecraft\mv.class... Generating minecraft.src\mv.java
Method <init>
Method a
Method b
Method c
Method d
Method e
Method a
Method g
Parsing minecraft\mw.class... Generating minecraft.src\mw.java
Method <init>
Method c
Method c
Method d
Method a
Method a
Method e
Method j_
Parsing minecraft\mx.class... Generating minecraft.src\mx.java
Method <init>
Method a
Method b
Method equals
Method hashCode
Method toString
Parsing minecraft\my.class... Generating minecraft.src\my.java
Method <init>
Method a
Method a
Method a
Parsing minecraft\mz.class... Generating minecraft.src\mz.java
Method <init>
Method j
Method c
Method a
Method b
Method c
Method d
Method e
Method g
Parsing minecraft\n.class... Generating minecraft.src\n.java
Method <init>
Method a
Method a
Parsing minecraft\na.class... Generating minecraft.src\na.java
Method <init>
Method a
Method a
Method a
Method a
Parsing minecraft\nb.class... Generating minecraft.src\nb.java
Method <init>
Parsing minecraft\nc.class... Generating minecraft.src\nc.java
Method <init>
Method run
Couldn't resolve all exception handlers in method run
Parsing minecraft\nd.class... Generating minecraft.src\nd.java
Method <init>
Method a
Parsing minecraft\ne.class... Generating minecraft.src\ne.java
Method <init>
Method <init>
Method a
Method a
Method a
Method toString
Parsing minecraft\nf.class... Generating minecraft.src\nf.java
Method <init>
Method a
Method e_
Parsing minecraft\ng.class... Generating minecraft.src\ng.java
Method <init>
Method e
Method b
Parsing minecraft\nh.class... Generating minecraft.src\nh.java
Method <init>
Method run
Parsing minecraft\ni.class... Generating minecraft.src\ni.java
Method <init>
Method run
Overlapped try statements detected. Not all exception handlers will be resolved in the method run
Couldn't fully decompile method run
Couldn't resolve all exception handlers in method run
Parsing minecraft\nj.class... Generating minecraft.src\nj.java
Method <init>
Method a
Method b
Method a
Method a
Method c
Method a
Method b
Method a
Method c
Method e
Method a
Method b
Parsing minecraft\nk.class... Generating minecraft.src\nk.java
Method <init>
Method run
Overlapped try statements detected. Not all exception handlers will be resolved in the method run
Couldn't fully decompile method run
Couldn't resolve all exception handlers in method run
Parsing minecraft\nl.class... Generating minecraft.src\nl.java
Method <init>
Method <init>
Method a
Method e_
Parsing minecraft\nm.class... Generating minecraft.src\nm.java
Method a
Method b
Method c
Method e
Method f
Method g
Parsing minecraft\nn.class... Generating minecraft.src\nn.java
Method <init>
Method a
Parsing minecraft\no.class... Generating minecraft.src\no.java
Method <init>
Method d
Method b
Method c
Method f
Method a
Method d
Method e
Method a
Method h
Method a
Method b
Method a
Method b
Method b
Method c
Method d
Parsing minecraft\np.class... Generating minecraft.src\np.java
Method <init>
Parsing minecraft\nq.class... Generating minecraft.src\nq.java
Method <init>
Method b
Method d
Method e_
Method a
Method c
Method a
Method b
Parsing minecraft\nr.class... Generating minecraft.src\nr.java
Method <init>
Parsing minecraft\ns.class... Generating minecraft.src\ns.java
Method <init>
Method a
Method a
Parsing minecraft\nt.class... Generating minecraft.src\nt.java
Method <init>
Method a
Method a
Method e_
Method h_
Method j
Parsing minecraft\nu.class... Generating minecraft.src\nu.java
Method b
Method d
Method a
Parsing minecraft\nv.class... Generating minecraft.src\nv.java
Method <init>
Method a
Method h
Method g
Method a
Method a
Couldn't fully decompile method a
Method a
Parsing minecraft\nw.class... Generating minecraft.src\nw.java
Method <init>
Method a
Method b
Method b
Method a
Method a
Method a
Method a
Method a
Method b
Parsing minecraft\nx.class... Generating minecraft.src\nx.java
Method <init>
Method a
Parsing minecraft\ny.class... Generating minecraft.src\ny.java
Method <init>
Method <init>
Method a
Method a
Method a
Method a
Parsing minecraft\nz.class... Generating minecraft.src\nz.java
Method <init>
Method a
Method a
Parsing minecraft\o.class... Generating minecraft.src\o.java
Method <init>
Parsing minecraft\oa.class... Generating minecraft.src\oa.java
Method <init>
Method a
Parsing minecraft\ob.class... Generating minecraft.src\ob.java
Method <init>
Method b
Method a
Parsing minecraft\oc.class... Generating minecraft.src\oc.java
Method <init>
Method b_
Method f_
Method d_
Method <init>
Method h
Method a
Method c_
Method F
Method e_
Method a
Method g
Method a
Method b
Method h_
Method f
Method c
Method c
Method a
Method a
Method d
Method e
Method j_
Method a
Method a
Method <clinit>
Parsing minecraft\od.class... Generating minecraft.src\od.java
Method <init>
Method a
Parsing minecraft\oe.class... Generating minecraft.src\oe.java
Method a
Method a
Parsing minecraft\of.class... Generating minecraft.src\of.java
Method <init>
Method a
Method d
Method a
Method b
Method a
Method b
Method c
Method c
Method a
Method a
Method b
Method a
Method <clinit>
Parsing minecraft\og.class... Generating minecraft.src\og.java
Method <init>
Method a
Method d
Method b
Method c
Method f
Method a
Method a
Method a
Method a
Method h
Method i
Method h
Method b
Method g
Method a
Method a
Method e
Method b
Parsing minecraft\oh.class... Generating minecraft.src\oh.java
Method <init>
Method <init>
Method a
Method a
Method a
Method a
Parsing minecraft\oi.class... Generating minecraft.src\oi.java
Method <init>
Method a
Method b
Method a
Method e
Method a
Method c
Method c
Parsing minecraft\oj.class... Generating minecraft.src\oj.java
Method <init>
Method a
Parsing minecraft\ok.class... Generating minecraft.src\ok.java
Method <init>
Method a
Method a
Method a
Method a
Parsing minecraft\ol.class... Generating minecraft.src\ol.java
Method <init>
Method hashCode
Method equals
Parsing minecraft\p.class... Generating minecraft.src\p.java
Method <init>
Method a
Method a
Method a
Parsing minecraft\q.class... Generating minecraft.src\q.java
Method <init>
Method a
Method a
Method a
Method c
Method b
Parsing minecraft\r.class... Generating minecraft.src\r.java
Method <init>
Method a
Method a
Parsing minecraft\s.class... Generating minecraft.src\s.java
Method <init>
Method <init>
Method a
Method a
Method a
Parsing minecraft\t.class... Generating minecraft.src\t.java
Method <init>
Method a
Parsing minecraft\u.class... Generating minecraft.src\u.java
Method <init>
Method a
Parsing minecraft\v.class... Generating minecraft.src\v.java
Method <init>
Method <init>
Method a
Method b
Method a
Method a
Method a
Parsing minecraft\w.class... Generating minecraft.src\w.java
Method <init>
Method a
Method b
Method c
Parsing minecraft\x.class... Generating minecraft.src\x.java
Method <init>
Method a
Overlapped try statements detected. Not all exception handlers will be resolved in the method a
Couldn't fully decompile method a
Couldn't resolve all exception handlers in method a
Method a
Overlapped try statements detected. Not all exception handlers will be resolved in the method a
Couldn't fully decompile method a
Couldn't resolve all exception handlers in method a
Method a
Overlapped try statements detected. Not all exception handlers will be resolved in the method a
Couldn't fully decompile method a
Couldn't resolve all exception handlers in method a
Method a
Overlapped try statements detected. Not all exception handlers will be resolved in the method a
Couldn't fully decompile method a
Couldn't resolve all exception handlers in method a
Method a
Method a
Parsing minecraft\y.class... Generating minecraft.src\y.java
Method <init>
Method a
Method <clinit>
Parsing minecraft\z.class... Generating minecraft.src\z.java
Method <init>
Method a
Method a
#classes: 402, #methods: 2800, #failures: 20, #fields: 1608, elapsed time: 3.911s
-=#=- 
No matching files found
-=#=- 
patching file `aa.java'
patching file `ab.java'
patching file `ac.java'
patching file `af.java'
patching file `al.java'
patching file `ao.java'
patching file `az.java'
patching file `bc.java'
patching file `bf.java'
patching file `bm.java'
patching file `bn.java'
patching file `bu.java'
patching file `bw.java'
patching file `by.java'
patching file `bz.java'
patching file `ch.java'
patching file `cn.java'
patching file `cp.java'
patching file `cx.java'
patching file `d.java'
patching file `db.java'
patching file `de.java'
patching file `dj.java'
patching file `dn.java'
patching file `dofix.java'
patching file `du.java'
patching file `dw.java'
patching file `dy.java'
patching file `dz.java'
patching file `e.java'
patching file `ee.java'
patching file `eh.java'
patching file `ei.java'
patching file `el.java'
patching file `ep.java'
patching file `eq.java'
patching file `er.java'
patching file `ew.java'
patching file `ey.java'
patching file `ez.java'
patching file `f.java'
patching file `fa.java'
patching file `fb.java'
patching file `ff.java'
patching file `fg.java'
patching file `fl.java'
patching file `fm.java'
patching file `fn.java'
patching file `fp.java'
patching file `fs.java'
patching file `fz.java'
patching file `g.java'
patching file `gc.java'
patching file `ge.java'
patching file `gk.java'
patching file `gl.java'
patching file `gm.java'
patching file `gn.java'
patching file `gp.java'
patching file `gq.java'
patching file `gt.java'
patching file `gy.java'
patching file `h.java'
patching file `ha.java'
patching file `hf.java'
patching file `hk.java'
patching file `hm.java'
patching file `hp.java'
patching file `hw.java'
patching file `ia.java'
patching file `ic.java'
patching file `iffix.java'
patching file `ih.java'
patching file `ii.java'
patching file `ij.java'
patching file `in.java'
patching file `io.java'
patching file `iq.java'
patching file `is.java'
patching file `ix.java'
patching file `jc.java'
patching file `jd.java'
patching file `jf.java'
patching file `ji.java'
patching file `jl.java'
patching file `jp.java'
patching file `js.java'
patching file `ju.java'
patching file `jx.java'
patching file `k.java'
patching file `ka.java'
patching file `kc.java'
patching file `kd.java'
patching file `kg.java'
patching file `kh.java'
patching file `ki.java'
patching file `kj.java'
patching file `kp.java'
patching file `kr.java'
patching file `kt.java'
patching file `kx.java'
patching file `kz.java'
patching file `lb.java'
patching file `lc.java'
patching file `ld.java'
patching file `le.java'
patching file `lh.java'
patching file `li.java'
patching file `lj.java'
patching file `lk.java'
patching file `lo.java'
patching file `lq.java'
patching file `ls.java'
patching file `lt.java'
patching file `lu.java'
patching file `ly.java'
patching file `m.java'
patching file `mc.java'
patching file `me.java'
patching file `mh.java'
patching file `mk.java'
patching file `na.java'
patching file `nc.java'
patching file `ne.java'
patching file `nh.java'
patching file `ni.java'
patching file `nj.java'
patching file `nk.java'
patching file `ns.java'
patching file `nv.java'
patching file `ny.java'
patching file `nz.java'
patching file `oc.java'
patching file `of.java'
patching file `oh.java'
patching file `ok.java'
patching file `r.java'
patching file `s.java'
patching file `x.java'
-=#=- 
-=#=- 
a.java
aa.java
ab.java
ac.java
ad.java
ae.java
af.java
ag.java
ah.java
ai.java
aj.java
ak.java
al.java
am.java
an.java
ao.java
ap.java
aq.java
ar.java
as.java
at.java
au.java
av.java
aw.java
ax.java
ay.java
az.java
b.java
ba.java
bb.java
bc.java
bd.java
be.java
bf.java
bg.java
bh.java
bi.java
bj.java
bk.java
bl.java
bm.java
bn.java
bo.java
bp.java
bq.java
br.java
bs.java
bt.java
bu.java
bv.java
bw.java
bx.java
by.java
bz.java
c.java
ca.java
cb.java
cc.java
cd.java
ce.java
cf.java
cg.java
ch.java
ci.java
cj.java
ck.java
cl.java
cm.java
cn.java
co.java
cp.java
cq.java
cr.java
cs.java
ct.java
cu.java
cv.java
cw.java
cx.java
cy.java
cz.java
d.java
da.java
db.java
dc.java
dd.java
de.java
df.java
dg.java
dh.java
di.java
dj.java
dk.java
dl.java
dm.java
dn.java
dofix.java
dp.java
dq.java
dr.java
ds.java
dt.java
du.java
dv.java
dw.java
dx.java
dy.java
dz.java
e.java
ea.java
eb.java
ec.java
ed.java
ee.java
ef.java
eg.java
eh.java
ei.java
ej.java
ek.java
el.java
em.java
en.java
eo.java
ep.java
eq.java
er.java
es.java
et.java
eu.java
ev.java
ew.java
ex.java
ey.java
ez.java
f.java
fa.java
fb.java
fc.java
fd.java
fe.java
ff.java
fg.java
fh.java
fi.java
fj.java
fk.java
fl.java
fm.java
fn.java
fo.java
fp.java
fq.java
fr.java
fs.java
ft.java
fu.java
fv.java
fw.java
fx.java
fy.java
fz.java
g.java
ga.java
gb.java
gc.java
gd.java
ge.java
gf.java
gg.java
gh.java
gi.java
gj.java
gk.java
gl.java
gm.java
gn.java
go.java
gp.java
gq.java
gr.java
gs.java
gt.java
gu.java
gv.java
gw.java
gx.java
gy.java
gz.java
h.java
ha.java
hb.java
hc.java
hd.java
he.java
hf.java
hg.java
hh.java
hi.java
hj.java
hk.java
hl.java
hm.java
hn.java
ho.java
hp.java
hq.java
hr.java
hs.java
ht.java
hu.java
hv.java
hw.java
hx.java
hy.java
hz.java
i.java
ia.java
ib.java
ic.java
id.java
ie.java
iffix.java
ig.java
ih.java
ii.java
ij.java
ik.java
il.java
im.java
in.java
io.java
ip.java
iq.java
ir.java
is.java
it.java
iu.java
iv.java
iw.java
ix.java
iy.java
iz.java
j.java
ja.java
jb.java
jc.java
jd.java
je.java
jf.java
jg.java
jh.java
ji.java
jj.java
jk.java
jl.java
jm.java
jn.java
jo.java
jp.java
jq.java
jr.java
js.java
jt.java
ju.java
jv.java
jw.java
jx.java
jy.java
jz.java
k.java
ka.java
kb.java
kc.java
kd.java
ke.java
kf.java
kg.java
kh.java
ki.java
kj.java
kk.java
kl.java
km.java
kn.java
ko.java
kp.java
kq.java
kr.java
ks.java
kt.java
ku.java
kv.java
kw.java
kx.java
ky.java
kz.java
l.java
la.java
lb.java
lc.java
ld.java
le.java
lf.java
lg.java
lh.java
li.java
lj.java
lk.java
ll.java
lm.java
ln.java
lo.java
lp.java
lq.java
lr.java
ls.java
lt.java
lu.java
lv.java
lw.java
lx.java
ly.java
lz.java
m.java
ma.java
mb.java
mc.java
md.java
me.java
mf.java
mg.java
mh.java
mi.java
mj.java
mk.java
ml.java
mm.java
mn.java
mo.java
mp.java
mq.java
mr.java
ms.java
mt.java
mu.java
mv.java
mw.java
mx.java
my.java
mz.java
n.java
na.java
nb.java
nc.java
nd.java
ne.java
nf.java
ng.java
nh.java
ni.java
nj.java
nk.java
nl.java
nm.java
nn.java
no.java
np.java
nq.java
nr.java
ns.java
nt.java
nu.java
nv.java
nw.java
nx.java
ny.java
nz.java
o.java
oa.java
ob.java
oc.java
od.java
oe.java
of.java
og.java
oh.java
oi.java
oj.java
ok.java
ol.java
p.java
q.java
r.java
s.java
t.java
u.java
v.java
w.java
x.java
y.java
z.java
-=#=- 
-=#=- 
